<?xml version="1.0" encoding="UTF-8"?>
<robot generator="Robot 7.5 (Python 3.9.13 on win32)" generated="2026-09-21T21:27:05.301206" rpa="false" schemaversion="5">
<suite id="s1" name="Recipe Report" source="D:\Nhom9_Culinary_Blog\robot\recipe_report.robot">
<kw name="Create Session" owner="RequestsLibrary" type="SETUP">
<msg time="2026-09-21T21:27:05.450216" level="INFO">Creating Session using : alias=api, url=http://localhost:5000, headers={},                     cookies={}, auth=None, timeout=None, proxies=None, verify=False,                     debug=0 </msg>
<arg>api</arg>
<arg>${BASE_URL}</arg>
<doc>Create Session: create a HTTP session to a server</doc>
<status status="PASS" start="2026-09-21T21:27:05.449216" elapsed="0.001000"/>
</kw>
<test id="s1-t1" name="Verify Minimum Category Dataset" line="12">
<kw name="GET On Session" owner="RequestsLibrary">
<msg time="2026-09-21T21:27:05.701512" level="INFO">GET Request : url=http://localhost:5000/api/v1/categories/?pageSize=50 
 path_url=/api/v1/categories/?pageSize=50 
 headers={'User-Agent': 'python-requests/2.32.5', 'Accept-Encoding': 'gzip, deflate', 'Accept': '*/*', 'Connection': 'keep-alive'} 
 body=None 
 </msg>
<msg time="2026-09-21T21:27:05.702549" level="INFO">GET Response : url=http://localhost:5000/api/v1/categories/?pageSize=50 
 status=200, reason=OK 
 headers={'Content-Type': 'application/json; charset=utf-8', 'Date': 'Mon, 21 Sep 2026 14:27:05 GMT', 'Server': 'Kestrel', 'Transfer-Encoding': 'chunked'} 
 body={"items":[{"id":"cce7ac4d-4d62-4245-84ec-03c23586f851","name":"Report Category 01","slug":"report-category-01","description":"Category generated for the report dataset 01.","createdAt":"2026-09-21T09:16:38.555853Z"},{"id":"7c0f7b04-74ea-479b-8bd1-b19a66b03fb8","name":"Report Category 02","slug":"report-category-02","description":"Category generated for the report dataset 02.","createdAt":"2026-09-21T09:16:38.583049Z"},{"id":"91dcbe66-7ca1-444a-98eb-ae0b5f480869","name":"Report Category 03","slug":"report-category-03","description":"Category generated for the report dataset 03.","createdAt":"2026-09-21T09:16:38.583637Z"},{"id":"26ae8cdc-41c2-4c87-ae86-f5f883f52c00","name":"Report Category 04","slug":"report-category-04","description":"Category generated for the report dataset 04.","createdAt":"2026-09-21T09:16:38.58367Z"},{"id":"2f168c78-42d1-4089-b900-f467e3d919a5","name":"Report Category 05","slug":"report-category-05","description":"Category generated for the report dataset 05.","createdAt":"2026-09-21T09:16:38.583727Z"},{"id":"573d76df-1f15-4692-9fc7-4e10b2cae866","name":"Report Category 06","slug":"report-category-06","description":"Category generated for the report dataset 06.","createdAt":"2026-09-21T09:16:38.583736Z"},{"id":"b31e5bb8-f71d-4a01-9237-303eb8058e27","name":"Report Category 07","slug":"report-category-07","description":"Category generated for the report dataset 07.","createdAt":"2026-09-21T09:16:38.583745Z"},{"id":"98685f59-4837-46fd-88c2-7e319c320897","name":"Report Category 08","slug":"report-category-08","description":"Category generated for the report dataset 08.","createdAt":"2026-09-21T09:16:38.583753Z"},{"id":"b500d60a-3448-4f93-b769-a4530304abdc","name":"Report Category 09","slug":"report-category-09","description":"Category generated for the report dataset 09.","createdAt":"2026-09-21T09:16:38.583762Z"},{"id":"0a137c37-1460-4984-9dd6-6356b08cfb88","name":"Report Category 10","slug":"report-category-10","description":"Category generated for the report dataset 10.","createdAt":"2026-09-21T09:16:38.58377Z"},{"id":"d5be5c1e-a509-4394-bf3a-f57d92fa78e2","name":"Report Category 11","slug":"report-category-11","description":"Category generated for the report dataset 11.","createdAt":"2026-09-21T09:16:38.583777Z"},{"id":"3ec1f836-4f46-45c5-bbe6-feb34a9197de","name":"Report Category 12","slug":"report-category-12","description":"Category generated for the report dataset 12.","createdAt":"2026-09-21T09:16:38.583784Z"},{"id":"67041ba9-fba7-48df-a894-3c9ca04dfb30","name":"Report Category 13","slug":"report-category-13","description":"Category generated for the report dataset 13.","createdAt":"2026-09-21T09:16:38.583792Z"},{"id":"e0e1f4a2-07d4-4e4a-aaaa-1fda4489fa6f","name":"Report Category 14","slug":"report-category-14","description":"Category generated for the report dataset 14.","createdAt":"2026-09-21T09:16:38.5838Z"},{"id":"2bbb5fc1-b680-44fe-9d3d-38cd7eea5413","name":"Report Category 15","slug":"report-category-15","description":"Category generated for the report dataset 15.","createdAt":"2026-09-21T09:16:38.583807Z"},{"id":"32fa1c98-c61a-4556-b7d9-e1792d1daf5a","name":"Report Category 16","slug":"report-category-16","description":"Category generated for the report dataset 16.","createdAt":"2026-09-21T09:16:38.583814Z"},{"id":"01f2fc8b-f3f8-458e-b13c-8aa95af4be3f","name":"Report Category 17","slug":"report-category-17","description":"Category generated for the report dataset 17.","createdAt":"2026-09-21T09:16:38.583822Z"},{"id":"63465ab1-4ffe-4255-9e03-1c9cf777edf4","name":"Report Category 18","slug":"report-category-18","description":"Category generated for the report dataset 18.","createdAt":"2026-09-21T09:16:38.583829Z"},{"id":"38a292af-f579-4d48-b532-e4d9896e2fd2","name":"Report Category 19","slug":"report-category-19","description":"Category generated for the report dataset 19.","createdAt":"2026-09-21T09:16:38.583838Z"},{"id":"6fb3b298-5b83-4f9e-a7f4-7b86b496a8c9","name":"Report Category 20","slug":"report-category-20","description":"Category generated for the report dataset 20.","createdAt":"2026-09-21T09:16:38.583845Z"}],"totalCount":20,"page":1,"pageSize":50,"totalPages":1,"hasNextPage":false,"hasPreviousPage":false} 
 </msg>
<msg time="2026-09-21T21:27:05.702549" level="INFO">${response} = &lt;Response [200]&gt;</msg>
<var>${response}</var>
<arg>api</arg>
<arg>url=/api/v1/categories/?pageSize=${PAGE_SIZE}</arg>
<arg>expected_status=200</arg>
<doc>Sends a GET request on a previously created HTTP Session.</doc>
<status status="PASS" start="2026-09-21T21:27:05.450216" elapsed="0.252333"/>
</kw>
<kw name="Set Variable" owner="BuiltIn">
<msg time="2026-09-21T21:27:05.703514" level="INFO">${body} = {'items': [{'id': 'cce7ac4d-4d62-4245-84ec-03c23586f851', 'name': 'Report Category 01', 'slug': 'report-category-01', 'description': 'Category generated for the report dataset 01.', 'createdAt': '2026...</msg>
<var>${body}</var>
<arg>${response.json()}</arg>
<doc>Returns the given values which can then be assigned to a variable.</doc>
<status status="PASS" start="2026-09-21T21:27:05.702549" elapsed="0.000965"/>
</kw>
<kw name="Get Length" owner="BuiltIn">
<msg time="2026-09-21T21:27:05.703514" level="INFO">Length is 20.</msg>
<msg time="2026-09-21T21:27:05.703514" level="INFO">${count} = 20</msg>
<var>${count}</var>
<arg>${body}[items]</arg>
<doc>Returns and logs the length of the given item as an integer.</doc>
<status status="PASS" start="2026-09-21T21:27:05.703514" elapsed="0.000000"/>
</kw>
<kw name="Should Be True" owner="BuiltIn">
<arg>${count} &gt;= 20</arg>
<arg>Expected at least 20 categories, got ${count}</arg>
<doc>Fails if the given condition is not true.</doc>
<status status="PASS" start="2026-09-21T21:27:05.705022" elapsed="0.000000"/>
</kw>
<doc>Requires at least 20 categories created by the async report seeder.</doc>
<status status="PASS" start="2026-09-21T21:27:05.450216" elapsed="0.254806"/>
</test>
<test id="s1-t2" name="Verify Minimum Recipe Dataset" line="19">
<kw name="GET On Session" owner="RequestsLibrary">
<msg time="2026-09-21T21:27:05.829863" level="INFO">GET Request : url=http://localhost:5000/api/v1/recipes/?pageSize=50 
 path_url=/api/v1/recipes/?pageSize=50 
 headers={'User-Agent': 'python-requests/2.32.5', 'Accept-Encoding': 'gzip, deflate', 'Accept': '*/*', 'Connection': 'keep-alive'} 
 body=None 
 </msg>
<msg time="2026-09-21T21:27:05.829863" level="INFO">GET Response : url=http://localhost:5000/api/v1/recipes/?pageSize=50 
 status=200, reason=OK 
 headers={'Content-Type': 'application/json; charset=utf-8', 'Date': 'Mon, 21 Sep 2026 14:27:05 GMT', 'Server': 'Kestrel', 'Transfer-Encoding': 'chunked'} 
 body={"items":[{"id":"3e731334-b114-4272-814e-ec2cc18f0c39","title":"Report Recipe 100","slug":"report-recipe-100","description":"Randomly generated report recipe number 100.","difficulty":"Hard","cookTimeMinutes":90,"servings":8,"status":1,"categoryId":"6fb3b298-5b83-4f9e-a7f4-7b86b496a8c9","authorId":"report-author-00000000000000000000000000000001","rowVersion":"AA=="},{"id":"ad3cd75c-78cd-405e-aa66-73fb3f545373","title":"Report Recipe 099","slug":"report-recipe-099","description":"Randomly generated report recipe number 099.","difficulty":"Hard","cookTimeMinutes":54,"servings":6,"status":1,"categoryId":"38a292af-f579-4d48-b532-e4d9896e2fd2","authorId":"report-author-00000000000000000000000000000001","rowVersion":"AA=="},{"id":"be44aa06-f5de-4840-8ed6-38852ed22972","title":"Report Recipe 098","slug":"report-recipe-098","description":"Randomly generated report recipe number 098.","difficulty":"Easy","cookTimeMinutes":69,"servings":6,"status":1,"categoryId":"63465ab1-4ffe-4255-9e03-1c9cf777edf4","authorId":"report-author-00000000000000000000000000000001","rowVersion":"AA=="},{"id":"1def9deb-fbea-4747-a68b-834914004282","title":"Report Recipe 097","slug":"report-recipe-097","description":"Randomly generated report recipe number 097.","difficulty":"Medium","cookTimeMinutes":81,"servings":6,"status":1,"categoryId":"01f2fc8b-f3f8-458e-b13c-8aa95af4be3f","authorId":"report-author-00000000000000000000000000000001","rowVersion":"AA=="},{"id":"ece8f972-4d70-471c-b0d9-7c1229b4d1fe","title":"Report Recipe 096","slug":"report-recipe-096","description":"Randomly generated report recipe number 096.","difficulty":"Medium","cookTimeMinutes":24,"servings":5,"status":1,"categoryId":"32fa1c98-c61a-4556-b7d9-e1792d1daf5a","authorId":"report-author-00000000000000000000000000000001","rowVersion":"AA=="},{"id":"76349b9f-31f5-4ea4-85a8-55821e55b3e2","title":"Report Recipe 095","slug":"report-recipe-095","description":"Randomly generated report recipe number 095.","difficulty":"Medium","cookTimeMinutes":49,"servings":7,"status":1,"categoryId":"2bbb5fc1-b680-44fe-9d3d-38cd7eea5413","authorId":"report-author-00000000000000000000000000000001","rowVersion":"AA=="},{"id":"5068f79e-5346-4044-baca-300bec9d4e11","title":"Report Recipe 094","slug":"report-recipe-094","description":"Randomly generated report recipe number 094.","difficulty":"Easy","cookTimeMinutes":67,"servings":2,"status":1,"categoryId":"e0e1f4a2-07d4-4e4a-aaaa-1fda4489fa6f","authorId":"report-author-00000000000000000000000000000001","rowVersion":"AA=="},{"id":"be7b1635-ed96-4c5f-b365-3807bafaa363","title":"Report Recipe 093","slug":"report-recipe-093","description":"Randomly generated report recipe number 093.","difficulty":"Medium","cookTimeMinutes":26,"servings":4,"status":1,"categoryId":"67041ba9-fba7-48df-a894-3c9ca04dfb30","authorId":"report-author-00000000000000000000000000000001","rowVersion":"AA=="},{"id":"7bd01ccd-5a8d-47d2-b198-6cc814a6e49b","title":"Report Recipe 092","slug":"report-recipe-092","description":"Randomly generated report recipe number 092.","difficulty":"Easy","cookTimeMinutes":48,"servings":5,"status":1,"categoryId":"3ec1f836-4f46-45c5-bbe6-feb34a9197de","authorId":"report-author-00000000000000000000000000000001","rowVersion":"AA=="},{"id":"e35a4d14-1b9c-4027-880f-7dc7afcbed76","title":"Report Recipe 091","slug":"report-recipe-091","description":"Randomly generated report recipe number 091.","difficulty":"Medium","cookTimeMinutes":50,"servings":4,"status":1,"categoryId":"d5be5c1e-a509-4394-bf3a-f57d92fa78e2","authorId":"report-author-00000000000000000000000000000001","rowVersion":"AA=="},{"id":"8902fceb-b5f8-460e-a486-8f5683635e47","title":"Report Recipe 090","slug":"report-recipe-090","description":"Randomly generated report recipe number 090.","difficulty":"Medium","cookTimeMinutes":65,"servings":4,"status":1,"categoryId":"0a137c37-1460-4984-9dd6-6356b08cfb88","authorId":"report-author-00000000000000000000000000000001","rowVersion":"AA=="},{"id":"98dfa2d8-807f-4efb-ad7c-68fdc865054f","title":"Report Recipe 089","slug":"report-recipe-089","description":"Randomly generated report recipe number 089.","difficulty":"Hard","cookTimeMinutes":78,"servings":4,"status":1,"categoryId":"b500d60a-3448-4f93-b769-a4530304abdc","authorId":"report-author-00000000000000000000000000000001","rowVersion":"AA=="},{"id":"3737f697-7e33-41c6-8c7a-df450a4b9d44","title":"Report Recipe 088","slug":"report-recipe-088","description":"Randomly generated report recipe number 088.","difficulty":"Easy","cookTimeMinutes":69,"servings":7,"status":1,"categoryId":"98685f59-4837-46fd-88c2-7e319c320897","authorId":"report-author-00000000000000000000000000000001","rowVersion":"AA=="},{"id":"49304a60-1364-48f1-8d39-36181c8aa84b","title":"Report Recipe 087","slug":"report-recipe-087","description":"Randomly generated report recipe number 087.","difficulty":"Medium","cookTimeMinutes":66,"servings":2,"status":1,"categoryId":"b31e5bb8-f71d-4a01-9237-303eb8058e27","authorId":"report-author-00000000000000000000000000000001","rowVersion":"AA=="},{"id":"c71e3885-832e-4d17-bb23-8d94b9cb2124","title":"Report Recipe 086","slug":"report-recipe-086","description":"Randomly generated report recipe number 086.","difficulty":"Medium","cookTimeMinutes":43,"servings":3,"status":1,"categoryId":"573d76df-1f15-4692-9fc7-4e10b2cae866","authorId":"report-author-00000000000000000000000000000001","rowVersion":"AA=="},{"id":"794dda98-fc08-4cbd-ab5d-412eff88d2a7","title":"Report Recipe 085","slug":"report-recipe-085","description":"Randomly generated report recipe number 085.","difficulty":"Easy","cookTimeMinutes":52,"servings":8,"status":1,"categoryId":"2f168c78-42d1-4089-b900-f467e3d919a5","authorId":"report-author-00000000000000000000000000000001","rowVersion":"AA=="},{"id":"e2f5fd8e-0332-4c7c-8747-a7a0229be54d","title":"Report Recipe 084","slug":"report-recipe-084","description":"Randomly generated report recipe number 084.","difficulty":"Easy","cookTimeMinutes":31,"servings":6,"status":1,"categoryId":"26ae8cdc-41c2-4c87-ae86-f5f883f52c00","authorId":"report-author-00000000000000000000000000000001","rowVersion":"AA=="},{"id":"1a3e1f5b-e82c-41e7-9a1f-ca906dbd0de5","title":"Report Recipe 083","slug":"report-recipe-083","description":"Randomly generated report recipe number 083.","difficulty":"Hard","cookTimeMinutes":72,"servings":2,"status":1,"categoryId":"91dcbe66-7ca1-444a-98eb-ae0b5f480869","authorId":"report-author-00000000000000000000000000000001","rowVersion":"AA=="},{"id":"f519fe81-2934-41b4-ad09-bf93fc4600cf","title":"Report Recipe 082","slug":"report-recipe-082","description":"Randomly generated report recipe number 082.","difficulty":"Medium","cookTimeMinutes":40,"servings":5,"status":1,"categoryId":"7c0f7b04-74ea-479b-8bd1-b19a66b03fb8","authorId":"report-author-00000000000000000000000000000001","rowVersion":"AA=="},{"id":"6a19e6d4-d17c-42e9-bb80-607b2260c436","title":"Report Recipe 081","slug":"report-recipe-081","description":"Randomly generated report recipe number 081.","difficulty":"Hard","cookTimeMinutes":16,"servings":8,"status":1,"categoryId":"cce7ac4d-4d62-4245-84ec-03c23586f851","authorId":"report-author-00000000000000000000000000000001","rowVersion":"AA=="},{"id":"af2cb6ba-f95a-4442-8964-9dbf436dc659","title":"Report Recipe 080","slug":"report-recipe-080","description":"Randomly generated report recipe number 080.","difficulty":"Easy","cookTimeMinutes":58,"servings":7,"status":1,"categoryId":"6fb3b298-5b83-4f9e-a7f4-7b86b496a8c9","authorId":"report-author-00000000000000000000000000000001","rowVersion":"AA=="},{"id":"994358cd-1f96-4f1c-bdee-b1e5264ca1ba","title":"Report Recipe 079","slug":"report-recipe-079","description":"Randomly generated report recipe number 079.","difficulty":"Easy","cookTimeMinutes":64,"servings":4,"status":1,"categoryId":"38a292af-f579-4d48-b532-e4d9896e2fd2","authorId":"report-author-00000000000000000000000000000001","rowVersion":"AA=="},{"id":"0f050f2d-a10d-413c-ae2d-35960999e787","title":"Report Recipe 078","slug":"report-recipe-078","description":"Randomly generated report recipe number 078.","difficulty":"Medium","cookTimeMinutes":75,"servings":3,"status":1,"categoryId":"63465ab1-4ffe-4255-9e03-1c9cf777edf4","authorId":"report-author-00000000000000000000000000000001","rowVersion":"AA=="},{"id":"d3529207-213f-4336-87a9-5d06e62f5105","title":"Report Recipe 077","slug":"report-recipe-077","description":"Randomly generated report recipe number 077.","difficulty":"Easy","cookTimeMinutes":36,"servings":3,"status":1,"categoryId":"01f2fc8b-f3f8-458e-b13c-8aa95af4be3f","authorId":"report-author-00000000000000000000000000000001","rowVersion":"AA=="},{"id":"d5a9f4a5-da7f-47cb-aff2-b2c4692cd84c","title":"Report Recipe 076","slug":"report-recipe-076","description":"Randomly generated report recipe number 076.","difficulty":"Hard","cookTimeMinutes":23,"servings":4,"status":1,"categoryId":"32fa1c98-c61a-4556-b7d9-e1792d1daf5a","authorId":"report-author-00000000000000000000000000000001","rowVersion":"AA=="},{"id":"922636b8-ed0c-4c0b-a56d-bc32ee503bef","title":"Report Recipe 075","slug":"report-recipe-075","description":"Randomly generated report recipe number 075.","difficulty":"Medium","cookTimeMinutes":36,"servings":4,"status":1,"categoryId":"2bbb5fc1-b680-44fe-9d3d-38cd7eea5413","authorId":"report-author-00000000000000000000000000000001","rowVersion":"AA=="},{"id":"ce1496a6-721d-4a39-9624-be334c6738bc","title":"Report Recipe 074","slug":"report-recipe-074","description":"Randomly generated report recipe number 074.","difficulty":"Medium","cookTimeMinutes":88,"servings":8,"status":1,"categoryId":"e0e1f4a2-07d4-4e4a-aaaa-1fda4489fa6f","authorId":"report-author-00000000000000000000000000000001","rowVersion":"AA=="},{"id":"8ba14fa6-edab-4963-8cd8-6d55e44c661b","title":"Report Recipe 073","slug":"report-recipe-073","description":"Randomly generated report recipe number 073.","difficulty":"Hard","cookTimeMinutes":55,"servings":6,"status":1,"categoryId":"67041ba9-fba7-48df-a894-3c9ca04df... (set the log level to DEBUG or TRACE to see the full content) 
 </msg>
<msg time="2026-09-21T21:27:05.831374" level="INFO">${response} = &lt;Response [200]&gt;</msg>
<var>${response}</var>
<arg>api</arg>
<arg>url=/api/v1/recipes/?pageSize=${PAGE_SIZE}</arg>
<arg>expected_status=200</arg>
<doc>Sends a GET request on a previously created HTTP Session.</doc>
<status status="PASS" start="2026-09-21T21:27:05.707030" elapsed="0.124344"/>
</kw>
<kw name="Set Variable" owner="BuiltIn">
<msg time="2026-09-21T21:27:05.832391" level="INFO">${body} = {'items': [{'id': '3e731334-b114-4272-814e-ec2cc18f0c39', 'title': 'Report Recipe 100', 'slug': 'report-recipe-100', 'description': 'Randomly generated report recipe number 100.', 'difficulty': 'Hard'...</msg>
<var>${body}</var>
<arg>${response.json()}</arg>
<doc>Returns the given values which can then be assigned to a variable.</doc>
<status status="PASS" start="2026-09-21T21:27:05.832391" elapsed="0.000995"/>
</kw>
<kw name="Set Variable" owner="BuiltIn">
<msg time="2026-09-21T21:27:05.833386" level="INFO">${count} = 100</msg>
<var>${count}</var>
<arg>${body}[totalCount]</arg>
<doc>Returns the given values which can then be assigned to a variable.</doc>
<status status="PASS" start="2026-09-21T21:27:05.833386" elapsed="0.001002"/>
</kw>
<kw name="Should Be True" owner="BuiltIn">
<arg>${count} &gt;= 100</arg>
<arg>Expected at least 100 recipes, got ${count}</arg>
<doc>Fails if the given condition is not true.</doc>
<status status="PASS" start="2026-09-21T21:27:05.834388" elapsed="0.001000"/>
</kw>
<doc>Requires at least 100 recipes created by the async report seeder.</doc>
<status status="PASS" start="2026-09-21T21:27:05.706031" elapsed="0.129357"/>
</test>
<test id="s1-t3" name="Verify Recipe Children Dataset" line="26">
<kw name="GET On Session" owner="RequestsLibrary">
<msg time="2026-09-21T21:27:05.854429" level="INFO">GET Request : url=http://localhost:5000/api/v1/recipes/?pageSize=50&amp;page=1 
 path_url=/api/v1/recipes/?pageSize=50&amp;page=1 
 headers={'User-Agent': 'python-requests/2.32.5', 'Accept-Encoding': 'gzip, deflate', 'Accept': '*/*', 'Connection': 'keep-alive'} 
 body=None 
 </msg>
<msg time="2026-09-21T21:27:05.854429" level="INFO">GET Response : url=http://localhost:5000/api/v1/recipes/?pageSize=50&amp;page=1 
 status=200, reason=OK 
 headers={'Content-Type': 'application/json; charset=utf-8', 'Date': 'Mon, 21 Sep 2026 14:27:05 GMT', 'Server': 'Kestrel', 'Transfer-Encoding': 'chunked'} 
 body={"items":[{"id":"3e731334-b114-4272-814e-ec2cc18f0c39","title":"Report Recipe 100","slug":"report-recipe-100","description":"Randomly generated report recipe number 100.","difficulty":"Hard","cookTimeMinutes":90,"servings":8,"status":1,"categoryId":"6fb3b298-5b83-4f9e-a7f4-7b86b496a8c9","authorId":"report-author-00000000000000000000000000000001","rowVersion":"AA=="},{"id":"ad3cd75c-78cd-405e-aa66-73fb3f545373","title":"Report Recipe 099","slug":"report-recipe-099","description":"Randomly generated report recipe number 099.","difficulty":"Hard","cookTimeMinutes":54,"servings":6,"status":1,"categoryId":"38a292af-f579-4d48-b532-e4d9896e2fd2","authorId":"report-author-00000000000000000000000000000001","rowVersion":"AA=="},{"id":"be44aa06-f5de-4840-8ed6-38852ed22972","title":"Report Recipe 098","slug":"report-recipe-098","description":"Randomly generated report recipe number 098.","difficulty":"Easy","cookTimeMinutes":69,"servings":6,"status":1,"categoryId":"63465ab1-4ffe-4255-9e03-1c9cf777edf4","authorId":"report-author-00000000000000000000000000000001","rowVersion":"AA=="},{"id":"1def9deb-fbea-4747-a68b-834914004282","title":"Report Recipe 097","slug":"report-recipe-097","description":"Randomly generated report recipe number 097.","difficulty":"Medium","cookTimeMinutes":81,"servings":6,"status":1,"categoryId":"01f2fc8b-f3f8-458e-b13c-8aa95af4be3f","authorId":"report-author-00000000000000000000000000000001","rowVersion":"AA=="},{"id":"ece8f972-4d70-471c-b0d9-7c1229b4d1fe","title":"Report Recipe 096","slug":"report-recipe-096","description":"Randomly generated report recipe number 096.","difficulty":"Medium","cookTimeMinutes":24,"servings":5,"status":1,"categoryId":"32fa1c98-c61a-4556-b7d9-e1792d1daf5a","authorId":"report-author-00000000000000000000000000000001","rowVersion":"AA=="},{"id":"76349b9f-31f5-4ea4-85a8-55821e55b3e2","title":"Report Recipe 095","slug":"report-recipe-095","description":"Randomly generated report recipe number 095.","difficulty":"Medium","cookTimeMinutes":49,"servings":7,"status":1,"categoryId":"2bbb5fc1-b680-44fe-9d3d-38cd7eea5413","authorId":"report-author-00000000000000000000000000000001","rowVersion":"AA=="},{"id":"5068f79e-5346-4044-baca-300bec9d4e11","title":"Report Recipe 094","slug":"report-recipe-094","description":"Randomly generated report recipe number 094.","difficulty":"Easy","cookTimeMinutes":67,"servings":2,"status":1,"categoryId":"e0e1f4a2-07d4-4e4a-aaaa-1fda4489fa6f","authorId":"report-author-00000000000000000000000000000001","rowVersion":"AA=="},{"id":"be7b1635-ed96-4c5f-b365-3807bafaa363","title":"Report Recipe 093","slug":"report-recipe-093","description":"Randomly generated report recipe number 093.","difficulty":"Medium","cookTimeMinutes":26,"servings":4,"status":1,"categoryId":"67041ba9-fba7-48df-a894-3c9ca04dfb30","authorId":"report-author-00000000000000000000000000000001","rowVersion":"AA=="},{"id":"7bd01ccd-5a8d-47d2-b198-6cc814a6e49b","title":"Report Recipe 092","slug":"report-recipe-092","description":"Randomly generated report recipe number 092.","difficulty":"Easy","cookTimeMinutes":48,"servings":5,"status":1,"categoryId":"3ec1f836-4f46-45c5-bbe6-feb34a9197de","authorId":"report-author-00000000000000000000000000000001","rowVersion":"AA=="},{"id":"e35a4d14-1b9c-4027-880f-7dc7afcbed76","title":"Report Recipe 091","slug":"report-recipe-091","description":"Randomly generated report recipe number 091.","difficulty":"Medium","cookTimeMinutes":50,"servings":4,"status":1,"categoryId":"d5be5c1e-a509-4394-bf3a-f57d92fa78e2","authorId":"report-author-00000000000000000000000000000001","rowVersion":"AA=="},{"id":"8902fceb-b5f8-460e-a486-8f5683635e47","title":"Report Recipe 090","slug":"report-recipe-090","description":"Randomly generated report recipe number 090.","difficulty":"Medium","cookTimeMinutes":65,"servings":4,"status":1,"categoryId":"0a137c37-1460-4984-9dd6-6356b08cfb88","authorId":"report-author-00000000000000000000000000000001","rowVersion":"AA=="},{"id":"98dfa2d8-807f-4efb-ad7c-68fdc865054f","title":"Report Recipe 089","slug":"report-recipe-089","description":"Randomly generated report recipe number 089.","difficulty":"Hard","cookTimeMinutes":78,"servings":4,"status":1,"categoryId":"b500d60a-3448-4f93-b769-a4530304abdc","authorId":"report-author-00000000000000000000000000000001","rowVersion":"AA=="},{"id":"3737f697-7e33-41c6-8c7a-df450a4b9d44","title":"Report Recipe 088","slug":"report-recipe-088","description":"Randomly generated report recipe number 088.","difficulty":"Easy","cookTimeMinutes":69,"servings":7,"status":1,"categoryId":"98685f59-4837-46fd-88c2-7e319c320897","authorId":"report-author-00000000000000000000000000000001","rowVersion":"AA=="},{"id":"49304a60-1364-48f1-8d39-36181c8aa84b","title":"Report Recipe 087","slug":"report-recipe-087","description":"Randomly generated report recipe number 087.","difficulty":"Medium","cookTimeMinutes":66,"servings":2,"status":1,"categoryId":"b31e5bb8-f71d-4a01-9237-303eb8058e27","authorId":"report-author-00000000000000000000000000000001","rowVersion":"AA=="},{"id":"c71e3885-832e-4d17-bb23-8d94b9cb2124","title":"Report Recipe 086","slug":"report-recipe-086","description":"Randomly generated report recipe number 086.","difficulty":"Medium","cookTimeMinutes":43,"servings":3,"status":1,"categoryId":"573d76df-1f15-4692-9fc7-4e10b2cae866","authorId":"report-author-00000000000000000000000000000001","rowVersion":"AA=="},{"id":"794dda98-fc08-4cbd-ab5d-412eff88d2a7","title":"Report Recipe 085","slug":"report-recipe-085","description":"Randomly generated report recipe number 085.","difficulty":"Easy","cookTimeMinutes":52,"servings":8,"status":1,"categoryId":"2f168c78-42d1-4089-b900-f467e3d919a5","authorId":"report-author-00000000000000000000000000000001","rowVersion":"AA=="},{"id":"e2f5fd8e-0332-4c7c-8747-a7a0229be54d","title":"Report Recipe 084","slug":"report-recipe-084","description":"Randomly generated report recipe number 084.","difficulty":"Easy","cookTimeMinutes":31,"servings":6,"status":1,"categoryId":"26ae8cdc-41c2-4c87-ae86-f5f883f52c00","authorId":"report-author-00000000000000000000000000000001","rowVersion":"AA=="},{"id":"1a3e1f5b-e82c-41e7-9a1f-ca906dbd0de5","title":"Report Recipe 083","slug":"report-recipe-083","description":"Randomly generated report recipe number 083.","difficulty":"Hard","cookTimeMinutes":72,"servings":2,"status":1,"categoryId":"91dcbe66-7ca1-444a-98eb-ae0b5f480869","authorId":"report-author-00000000000000000000000000000001","rowVersion":"AA=="},{"id":"f519fe81-2934-41b4-ad09-bf93fc4600cf","title":"Report Recipe 082","slug":"report-recipe-082","description":"Randomly generated report recipe number 082.","difficulty":"Medium","cookTimeMinutes":40,"servings":5,"status":1,"categoryId":"7c0f7b04-74ea-479b-8bd1-b19a66b03fb8","authorId":"report-author-00000000000000000000000000000001","rowVersion":"AA=="},{"id":"6a19e6d4-d17c-42e9-bb80-607b2260c436","title":"Report Recipe 081","slug":"report-recipe-081","description":"Randomly generated report recipe number 081.","difficulty":"Hard","cookTimeMinutes":16,"servings":8,"status":1,"categoryId":"cce7ac4d-4d62-4245-84ec-03c23586f851","authorId":"report-author-00000000000000000000000000000001","rowVersion":"AA=="},{"id":"af2cb6ba-f95a-4442-8964-9dbf436dc659","title":"Report Recipe 080","slug":"report-recipe-080","description":"Randomly generated report recipe number 080.","difficulty":"Easy","cookTimeMinutes":58,"servings":7,"status":1,"categoryId":"6fb3b298-5b83-4f9e-a7f4-7b86b496a8c9","authorId":"report-author-00000000000000000000000000000001","rowVersion":"AA=="},{"id":"994358cd-1f96-4f1c-bdee-b1e5264ca1ba","title":"Report Recipe 079","slug":"report-recipe-079","description":"Randomly generated report recipe number 079.","difficulty":"Easy","cookTimeMinutes":64,"servings":4,"status":1,"categoryId":"38a292af-f579-4d48-b532-e4d9896e2fd2","authorId":"report-author-00000000000000000000000000000001","rowVersion":"AA=="},{"id":"0f050f2d-a10d-413c-ae2d-35960999e787","title":"Report Recipe 078","slug":"report-recipe-078","description":"Randomly generated report recipe number 078.","difficulty":"Medium","cookTimeMinutes":75,"servings":3,"status":1,"categoryId":"63465ab1-4ffe-4255-9e03-1c9cf777edf4","authorId":"report-author-00000000000000000000000000000001","rowVersion":"AA=="},{"id":"d3529207-213f-4336-87a9-5d06e62f5105","title":"Report Recipe 077","slug":"report-recipe-077","description":"Randomly generated report recipe number 077.","difficulty":"Easy","cookTimeMinutes":36,"servings":3,"status":1,"categoryId":"01f2fc8b-f3f8-458e-b13c-8aa95af4be3f","authorId":"report-author-00000000000000000000000000000001","rowVersion":"AA=="},{"id":"d5a9f4a5-da7f-47cb-aff2-b2c4692cd84c","title":"Report Recipe 076","slug":"report-recipe-076","description":"Randomly generated report recipe number 076.","difficulty":"Hard","cookTimeMinutes":23,"servings":4,"status":1,"categoryId":"32fa1c98-c61a-4556-b7d9-e1792d1daf5a","authorId":"report-author-00000000000000000000000000000001","rowVersion":"AA=="},{"id":"922636b8-ed0c-4c0b-a56d-bc32ee503bef","title":"Report Recipe 075","slug":"report-recipe-075","description":"Randomly generated report recipe number 075.","difficulty":"Medium","cookTimeMinutes":36,"servings":4,"status":1,"categoryId":"2bbb5fc1-b680-44fe-9d3d-38cd7eea5413","authorId":"report-author-00000000000000000000000000000001","rowVersion":"AA=="},{"id":"ce1496a6-721d-4a39-9624-be334c6738bc","title":"Report Recipe 074","slug":"report-recipe-074","description":"Randomly generated report recipe number 074.","difficulty":"Medium","cookTimeMinutes":88,"servings":8,"status":1,"categoryId":"e0e1f4a2-07d4-4e4a-aaaa-1fda4489fa6f","authorId":"report-author-00000000000000000000000000000001","rowVersion":"AA=="},{"id":"8ba14fa6-edab-4963-8cd8-6d55e44c661b","title":"Report Recipe 073","slug":"report-recipe-073","description":"Randomly generated report recipe number 073.","difficulty":"Hard","cookTimeMinutes":55,"servings":6,"status":1,"categoryId":"67041ba9-fba7-48df-a894-3c9ca04df... (set the log level to DEBUG or TRACE to see the full content) 
 </msg>
<msg time="2026-09-21T21:27:05.855423" level="INFO">${response} = &lt;Response [200]&gt;</msg>
<var>${response}</var>
<arg>api</arg>
<arg>url=/api/v1/recipes/?pageSize=${PAGE_SIZE}&amp;page=1</arg>
<arg>expected_status=200</arg>
<doc>Sends a GET request on a previously created HTTP Session.</doc>
<status status="PASS" start="2026-09-21T21:27:05.837385" elapsed="0.018038"/>
</kw>
<kw name="Set Variable" owner="BuiltIn">
<msg time="2026-09-21T21:27:05.858435" level="INFO">${recipes} = [{'id': '3e731334-b114-4272-814e-ec2cc18f0c39', 'title': 'Report Recipe 100', 'slug': 'report-recipe-100', 'description': 'Randomly generated report recipe number 100.', 'difficulty': 'Hard', 'cookTim...</msg>
<var>${recipes}</var>
<arg>${response.json()}[items]</arg>
<doc>Returns the given values which can then be assigned to a variable.</doc>
<status status="PASS" start="2026-09-21T21:27:05.855423" elapsed="0.003012"/>
</kw>
<kw name="GET On Session" owner="RequestsLibrary">
<msg time="2026-09-21T21:27:05.875468" level="INFO">GET Request : url=http://localhost:5000/api/v1/recipes/?pageSize=50&amp;page=2 
 path_url=/api/v1/recipes/?pageSize=50&amp;page=2 
 headers={'User-Agent': 'python-requests/2.32.5', 'Accept-Encoding': 'gzip, deflate', 'Accept': '*/*', 'Connection': 'keep-alive'} 
 body=None 
 </msg>
<msg time="2026-09-21T21:27:05.875468" level="INFO">GET Response : url=http://localhost:5000/api/v1/recipes/?pageSize=50&amp;page=2 
 status=200, reason=OK 
 headers={'Content-Type': 'application/json; charset=utf-8', 'Date': 'Mon, 21 Sep 2026 14:27:05 GMT', 'Server': 'Kestrel', 'Transfer-Encoding': 'chunked'} 
 body={"items":[{"id":"fcd20112-2862-4c79-87a6-1f3ffee8c15d","title":"Report Recipe 050","slug":"report-recipe-050","description":"Randomly generated report recipe number 050.","difficulty":"Easy","cookTimeMinutes":47,"servings":5,"status":1,"categoryId":"0a137c37-1460-4984-9dd6-6356b08cfb88","authorId":"report-author-00000000000000000000000000000001","rowVersion":"AA=="},{"id":"8af26bb3-f28b-40ed-bab0-fceb3008d043","title":"Report Recipe 049","slug":"report-recipe-049","description":"Randomly generated report recipe number 049.","difficulty":"Easy","cookTimeMinutes":64,"servings":5,"status":1,"categoryId":"b500d60a-3448-4f93-b769-a4530304abdc","authorId":"report-author-00000000000000000000000000000001","rowVersion":"AA=="},{"id":"9abd161c-463a-4c26-9b3a-d2e19b39ac3a","title":"Report Recipe 048","slug":"report-recipe-048","description":"Randomly generated report recipe number 048.","difficulty":"Easy","cookTimeMinutes":49,"servings":5,"status":1,"categoryId":"98685f59-4837-46fd-88c2-7e319c320897","authorId":"report-author-00000000000000000000000000000001","rowVersion":"AA=="},{"id":"dd8ce50f-5e8e-47ea-8b6a-356c1ff25e11","title":"Report Recipe 047","slug":"report-recipe-047","description":"Randomly generated report recipe number 047.","difficulty":"Medium","cookTimeMinutes":33,"servings":7,"status":1,"categoryId":"b31e5bb8-f71d-4a01-9237-303eb8058e27","authorId":"report-author-00000000000000000000000000000001","rowVersion":"AA=="},{"id":"dcca92d8-42d4-43e8-a817-3351526b5bf1","title":"Report Recipe 046","slug":"report-recipe-046","description":"Randomly generated report recipe number 046.","difficulty":"Easy","cookTimeMinutes":73,"servings":8,"status":1,"categoryId":"573d76df-1f15-4692-9fc7-4e10b2cae866","authorId":"report-author-00000000000000000000000000000001","rowVersion":"AA=="},{"id":"1f12551f-0922-4b54-b0c6-74eb58104aa6","title":"Report Recipe 045","slug":"report-recipe-045","description":"Randomly generated report recipe number 045.","difficulty":"Medium","cookTimeMinutes":61,"servings":6,"status":1,"categoryId":"2f168c78-42d1-4089-b900-f467e3d919a5","authorId":"report-author-00000000000000000000000000000001","rowVersion":"AA=="},{"id":"2cec2769-3a33-44d9-8068-2e1dfb4885c0","title":"Report Recipe 044","slug":"report-recipe-044","description":"Randomly generated report recipe number 044.","difficulty":"Easy","cookTimeMinutes":14,"servings":2,"status":1,"categoryId":"26ae8cdc-41c2-4c87-ae86-f5f883f52c00","authorId":"report-author-00000000000000000000000000000001","rowVersion":"AA=="},{"id":"69a143d8-76be-4e37-9bed-094ca330ba0a","title":"Report Recipe 043","slug":"report-recipe-043","description":"Randomly generated report recipe number 043.","difficulty":"Medium","cookTimeMinutes":56,"servings":5,"status":1,"categoryId":"91dcbe66-7ca1-444a-98eb-ae0b5f480869","authorId":"report-author-00000000000000000000000000000001","rowVersion":"AA=="},{"id":"52cd1a78-2f0b-4ea4-b31a-af33ccd6c6f2","title":"Report Recipe 042","slug":"report-recipe-042","description":"Randomly generated report recipe number 042.","difficulty":"Medium","cookTimeMinutes":71,"servings":6,"status":1,"categoryId":"7c0f7b04-74ea-479b-8bd1-b19a66b03fb8","authorId":"report-author-00000000000000000000000000000001","rowVersion":"AA=="},{"id":"b52973df-2710-4e21-99a1-6e3df305c6af","title":"Report Recipe 041","slug":"report-recipe-041","description":"Randomly generated report recipe number 041.","difficulty":"Hard","cookTimeMinutes":12,"servings":8,"status":1,"categoryId":"cce7ac4d-4d62-4245-84ec-03c23586f851","authorId":"report-author-00000000000000000000000000000001","rowVersion":"AA=="},{"id":"44fcbe92-7050-4620-ba77-b8fc317e8996","title":"Report Recipe 040","slug":"report-recipe-040","description":"Randomly generated report recipe number 040.","difficulty":"Easy","cookTimeMinutes":86,"servings":8,"status":1,"categoryId":"6fb3b298-5b83-4f9e-a7f4-7b86b496a8c9","authorId":"report-author-00000000000000000000000000000001","rowVersion":"AA=="},{"id":"80680c03-8735-4ec9-8ae4-0607ff6f5df0","title":"Report Recipe 039","slug":"report-recipe-039","description":"Randomly generated report recipe number 039.","difficulty":"Medium","cookTimeMinutes":49,"servings":5,"status":1,"categoryId":"38a292af-f579-4d48-b532-e4d9896e2fd2","authorId":"report-author-00000000000000000000000000000001","rowVersion":"AA=="},{"id":"102ad33f-a29c-41d5-9e7c-636dcdd117f7","title":"Report Recipe 038","slug":"report-recipe-038","description":"Randomly generated report recipe number 038.","difficulty":"Medium","cookTimeMinutes":56,"servings":6,"status":1,"categoryId":"63465ab1-4ffe-4255-9e03-1c9cf777edf4","authorId":"report-author-00000000000000000000000000000001","rowVersion":"AA=="},{"id":"99fa1572-13aa-4bce-89bd-99f7caaecafb","title":"Report Recipe 037","slug":"report-recipe-037","description":"Randomly generated report recipe number 037.","difficulty":"Hard","cookTimeMinutes":17,"servings":7,"status":1,"categoryId":"01f2fc8b-f3f8-458e-b13c-8aa95af4be3f","authorId":"report-author-00000000000000000000000000000001","rowVersion":"AA=="},{"id":"2093dda3-0026-48c5-b1ef-b5bac10266ce","title":"Report Recipe 036","slug":"report-recipe-036","description":"Randomly generated report recipe number 036.","difficulty":"Hard","cookTimeMinutes":76,"servings":3,"status":1,"categoryId":"32fa1c98-c61a-4556-b7d9-e1792d1daf5a","authorId":"report-author-00000000000000000000000000000001","rowVersion":"AA=="},{"id":"4c1a0bc3-ec53-4d8e-812c-de0cea418dcb","title":"Report Recipe 035","slug":"report-recipe-035","description":"Randomly generated report recipe number 035.","difficulty":"Easy","cookTimeMinutes":14,"servings":4,"status":1,"categoryId":"2bbb5fc1-b680-44fe-9d3d-38cd7eea5413","authorId":"report-author-00000000000000000000000000000001","rowVersion":"AA=="},{"id":"8a3434c4-58c3-428e-852d-a413dbc2568d","title":"Report Recipe 034","slug":"report-recipe-034","description":"Randomly generated report recipe number 034.","difficulty":"Easy","cookTimeMinutes":26,"servings":8,"status":1,"categoryId":"e0e1f4a2-07d4-4e4a-aaaa-1fda4489fa6f","authorId":"report-author-00000000000000000000000000000001","rowVersion":"AA=="},{"id":"65df8611-9fb4-466f-8ce8-d80765fd5339","title":"Report Recipe 033","slug":"report-recipe-033","description":"Randomly generated report recipe number 033.","difficulty":"Easy","cookTimeMinutes":70,"servings":6,"status":1,"categoryId":"67041ba9-fba7-48df-a894-3c9ca04dfb30","authorId":"report-author-00000000000000000000000000000001","rowVersion":"AA=="},{"id":"5c410481-d116-456d-b814-178b79b0a9f3","title":"Report Recipe 032","slug":"report-recipe-032","description":"Randomly generated report recipe number 032.","difficulty":"Medium","cookTimeMinutes":46,"servings":6,"status":1,"categoryId":"3ec1f836-4f46-45c5-bbe6-feb34a9197de","authorId":"report-author-00000000000000000000000000000001","rowVersion":"AA=="},{"id":"518ec63c-bf02-4a93-8f55-f75827d46d7c","title":"Report Recipe 031","slug":"report-recipe-031","description":"Randomly generated report recipe number 031.","difficulty":"Hard","cookTimeMinutes":76,"servings":2,"status":1,"categoryId":"d5be5c1e-a509-4394-bf3a-f57d92fa78e2","authorId":"report-author-00000000000000000000000000000001","rowVersion":"AA=="},{"id":"100db035-49d0-4ad3-b5dc-aa2e352e6d50","title":"Report Recipe 030","slug":"report-recipe-030","description":"Randomly generated report recipe number 030.","difficulty":"Medium","cookTimeMinutes":23,"servings":4,"status":1,"categoryId":"0a137c37-1460-4984-9dd6-6356b08cfb88","authorId":"report-author-00000000000000000000000000000001","rowVersion":"AA=="},{"id":"1e00e011-a3b8-4fff-b192-00fdc91c72b2","title":"Report Recipe 029","slug":"report-recipe-029","description":"Randomly generated report recipe number 029.","difficulty":"Easy","cookTimeMinutes":51,"servings":3,"status":1,"categoryId":"b500d60a-3448-4f93-b769-a4530304abdc","authorId":"report-author-00000000000000000000000000000001","rowVersion":"AA=="},{"id":"5bf3277f-733d-4bca-9b13-58c0981cd371","title":"Report Recipe 028","slug":"report-recipe-028","description":"Randomly generated report recipe number 028.","difficulty":"Medium","cookTimeMinutes":31,"servings":2,"status":1,"categoryId":"98685f59-4837-46fd-88c2-7e319c320897","authorId":"report-author-00000000000000000000000000000001","rowVersion":"AA=="},{"id":"0469a6e9-7e49-482e-b9a2-7386aa884c5b","title":"Report Recipe 027","slug":"report-recipe-027","description":"Randomly generated report recipe number 027.","difficulty":"Hard","cookTimeMinutes":49,"servings":4,"status":1,"categoryId":"b31e5bb8-f71d-4a01-9237-303eb8058e27","authorId":"report-author-00000000000000000000000000000001","rowVersion":"AA=="},{"id":"ae260c17-7af7-4feb-b433-e0729bc83ddd","title":"Report Recipe 026","slug":"report-recipe-026","description":"Randomly generated report recipe number 026.","difficulty":"Medium","cookTimeMinutes":54,"servings":3,"status":1,"categoryId":"573d76df-1f15-4692-9fc7-4e10b2cae866","authorId":"report-author-00000000000000000000000000000001","rowVersion":"AA=="},{"id":"2d961661-22b0-4227-8c2f-d821a0546126","title":"Report Recipe 025","slug":"report-recipe-025","description":"Randomly generated report recipe number 025.","difficulty":"Medium","cookTimeMinutes":39,"servings":6,"status":1,"categoryId":"2f168c78-42d1-4089-b900-f467e3d919a5","authorId":"report-author-00000000000000000000000000000001","rowVersion":"AA=="},{"id":"270594ae-fc55-4567-a9d6-9aaaa2ad51b6","title":"Report Recipe 024","slug":"report-recipe-024","description":"Randomly generated report recipe number 024.","difficulty":"Hard","cookTimeMinutes":45,"servings":4,"status":1,"categoryId":"26ae8cdc-41c2-4c87-ae86-f5f883f52c00","authorId":"report-author-00000000000000000000000000000001","rowVersion":"AA=="},{"id":"37889b04-a8be-4714-ae0a-65042f502c48","title":"Report Recipe 023","slug":"report-recipe-023","description":"Randomly generated report recipe number 023.","difficulty":"Hard","cookTimeMinutes":40,"servings":5,"status":1,"categoryId":"91dcbe66-7ca1-444a-98eb-ae0b5f48086... (set the log level to DEBUG or TRACE to see the full content) 
 </msg>
<msg time="2026-09-21T21:27:05.876471" level="INFO">${response_page_2} = &lt;Response [200]&gt;</msg>
<var>${response_page_2}</var>
<arg>api</arg>
<arg>url=/api/v1/recipes/?pageSize=${PAGE_SIZE}&amp;page=2</arg>
<arg>expected_status=200</arg>
<doc>Sends a GET request on a previously created HTTP Session.</doc>
<status status="PASS" start="2026-09-21T21:27:05.859423" elapsed="0.017048"/>
</kw>
<kw name="Set Variable" owner="BuiltIn">
<msg time="2026-09-21T21:27:05.879472" level="INFO">${recipes_page_2} = [{'id': 'fcd20112-2862-4c79-87a6-1f3ffee8c15d', 'title': 'Report Recipe 050', 'slug': 'report-recipe-050', 'description': 'Randomly generated report recipe number 050.', 'difficulty': 'Easy', 'cookTim...</msg>
<var>${recipes_page_2}</var>
<arg>${response_page_2.json()}[items]</arg>
<doc>Returns the given values which can then be assigned to a variable.</doc>
<status status="PASS" start="2026-09-21T21:27:05.877483" elapsed="0.001989"/>
</kw>
<kw name="Append To List" owner="Collections">
<arg>${recipes}</arg>
<arg>@{recipes_page_2}</arg>
<doc>Adds `values` to the end of `list`.</doc>
<status status="PASS" start="2026-09-21T21:27:05.880468" elapsed="0.000000"/>
</kw>
<for flavor="IN">
<iter>
<kw name="GET On Session" owner="RequestsLibrary">
<msg time="2026-09-21T21:27:26.471888" level="INFO">GET Request : url=http://localhost:5000/api/v1/recipes/report-recipe-100 
 path_url=/api/v1/recipes/report-recipe-100 
 headers={'User-Agent': 'python-requests/2.32.5', 'Accept-Encoding': 'gzip, deflate', 'Accept': '*/*', 'Connection': 'keep-alive'} 
 body=None 
 </msg>
<msg time="2026-09-21T21:27:26.471888" level="INFO">GET Response : url=http://localhost:5000/api/v1/recipes/report-recipe-100 
 status=200, reason=OK 
 headers={'Content-Type': 'application/json; charset=utf-8', 'Date': 'Mon, 21 Sep 2026 14:27:26 GMT', 'Server': 'Kestrel', 'Transfer-Encoding': 'chunked'} 
 body={"id":"3e731334-b114-4272-814e-ec2cc18f0c39","title":"Report Recipe 100","slug":"report-recipe-100","description":"Randomly generated report recipe number 100.","prepTimeMinutes":30,"cookTimeMinutes":90,"servings":8,"difficulty":"Hard","status":1,"categoryId":"6fb3b298-5b83-4f9e-a7f4-7b86b496a8c9","authorId":"report-author-00000000000000000000000000000001","rowVersion":"AA==","ingredients":[{"id":"f4f25d0d-f0f6-47b4-af75-6c9c6e84716c","name":"Ingredient 01","quantity":4.00,"unit":"portion","notes":"Generated report ingredient","orderIndex":1},{"id":"e31cacbe-ce11-4f99-9352-71441c5cd1d4","name":"Ingredient 02","quantity":1.00,"unit":"portion","notes":"Generated report ingredient","orderIndex":2},{"id":"decfe08b-e82c-4387-9992-b939c44cffb9","name":"Ingredient 03","quantity":5.00,"unit":"portion","notes":"Generated report ingredient","orderIndex":3},{"id":"62dc51d4-2673-4ac4-b13f-21daa399de71","name":"Ingredient 04","quantity":1.00,"unit":"portion","notes":"Generated report ingredient","orderIndex":4},{"id":"c62850e6-9f43-4f4e-9be7-f51ca32e0c4a","name":"Ingredient 05","quantity":5.00,"unit":"portion","notes":"Generated report ingredient","orderIndex":5},{"id":"1e5d1d19-f465-424d-bd71-dbea21b768bc","name":"Ingredient 06","quantity":4.00,"unit":"portion","notes":"Generated report ingredient","orderIndex":6},{"id":"5d6dc85c-25f7-49ec-a707-ff499121761b","name":"Ingredient 07","quantity":2.00,"unit":"portion","notes":"Generated report ingredient","orderIndex":7},{"id":"1dc09c06-270a-4cc9-8fc8-c2d41975ead8","name":"Ingredient 08","quantity":1.00,"unit":"portion","notes":"Generated report ingredient","orderIndex":8},{"id":"dcdeb6cf-03a5-4603-8646-31d1b5ba4c71","name":"Ingredient 09","quantity":5.00,"unit":"portion","notes":"Generated report ingredient","orderIndex":9},{"id":"0e1ec875-a8d2-4bc8-8d65-23548d59dcda","name":"Ingredient 10","quantity":3.00,"unit":"portion","notes":"Generated report ingredient","orderIndex":10}],"steps":[{"id":"8aafd6e4-4ad2-49c9-b59d-7017c2b2fd0e","stepNumber":1,"title":"Preparation step 1","description":"Complete preparation step 1 for the report recipe.","durationMinutes":4,"imageUrl":null},{"id":"5cc6e8c9-cd43-4280-ab87-9603ee55809c","stepNumber":2,"title":"Preparation step 2","description":"Complete preparation step 2 for the report recipe.","durationMinutes":2,"imageUrl":null},{"id":"bf091b42-e866-42d3-a3ae-548d9addeaa3","stepNumber":3,"title":"Preparation step 3","description":"Complete preparation step 3 for the report recipe.","durationMinutes":8,"imageUrl":null},{"id":"d68209ec-b85a-4dd3-83f1-7bf3bd404d6a","stepNumber":4,"title":"Preparation step 4","description":"Complete preparation step 4 for the report recipe.","durationMinutes":14,"imageUrl":null},{"id":"d005d62a-0eae-46fa-8603-031d56fea335","stepNumber":5,"title":"Preparation step 5","description":"Complete preparation step 5 for the report recipe.","durationMinutes":9,"imageUrl":null}],"images":[],"nutrition":{"calories":783,"protein":38.00,"carbohydrates":88.00,"fat":27.00,"fiber":6.00,"sodium":753.00}} 
 </msg>
<msg time="2026-09-21T21:27:26.471888" level="INFO">${detail_response} = &lt;Response [200]&gt;</msg>
<var>${detail_response}</var>
<arg>api</arg>
<arg>url=/api/v1/recipes/${recipe}[slug]</arg>
<arg>expected_status=200</arg>
<doc>Sends a GET request on a previously created HTTP Session.</doc>
<status status="PASS" start="2026-09-21T21:27:05.882474" elapsed="20.589414"/>
</kw>
<kw name="Set Variable" owner="BuiltIn">
<msg time="2026-09-21T21:27:26.473393" level="INFO">${detail} = {'id': '3e731334-b114-4272-814e-ec2cc18f0c39', 'title': 'Report Recipe 100', 'slug': 'report-recipe-100', 'description': 'Randomly generated report recipe number 100.', 'prepTimeMinutes': 30, 'cookTim...</msg>
<var>${detail}</var>
<arg>${detail_response.json()}</arg>
<doc>Returns the given values which can then be assigned to a variable.</doc>
<status status="PASS" start="2026-09-21T21:27:26.471888" elapsed="0.001505"/>
</kw>
<kw name="Get Length" owner="BuiltIn">
<msg time="2026-09-21T21:27:26.473393" level="INFO">Length is 10.</msg>
<msg time="2026-09-21T21:27:26.473393" level="INFO">${ingredient_count} = 10</msg>
<var>${ingredient_count}</var>
<arg>${detail}[ingredients]</arg>
<doc>Returns and logs the length of the given item as an integer.</doc>
<status status="PASS" start="2026-09-21T21:27:26.473393" elapsed="0.000000"/>
</kw>
<kw name="Get Length" owner="BuiltIn">
<msg time="2026-09-21T21:27:26.474399" level="INFO">Length is 5.</msg>
<msg time="2026-09-21T21:27:26.474399" level="INFO">${step_count} = 5</msg>
<var>${step_count}</var>
<arg>${detail}[steps]</arg>
<doc>Returns and logs the length of the given item as an integer.</doc>
<status status="PASS" start="2026-09-21T21:27:26.473393" elapsed="0.001006"/>
</kw>
<kw name="Should Be True" owner="BuiltIn">
<arg>${ingredient_count} &gt;= 10</arg>
<arg>${recipe}[slug] has fewer than 10 ingredients</arg>
<doc>Fails if the given condition is not true.</doc>
<status status="PASS" start="2026-09-21T21:27:26.474399" elapsed="0.000000"/>
</kw>
<kw name="Should Be True" owner="BuiltIn">
<arg>${step_count} &gt;= 5</arg>
<arg>${recipe}[slug] has fewer than 5 steps</arg>
<doc>Fails if the given condition is not true.</doc>
<status status="PASS" start="2026-09-21T21:27:26.474399" elapsed="0.001001"/>
</kw>
<var name="${recipe}">{'id': '3e731334-b114-4272-814e-ec2cc18f0c39', 'title': 'Report Recipe 100', 'slug': 'report-recipe-100', 'description': 'Randomly generated report recipe number 100.', 'difficulty': 'Hard', 'cookTime...</var>
<status status="PASS" start="2026-09-21T21:27:05.882474" elapsed="20.592926"/>
</iter>
<iter>
<kw name="GET On Session" owner="RequestsLibrary">
<msg time="2026-09-21T21:27:38.472324" level="INFO">GET Request : url=http://localhost:5000/api/v1/recipes/report-recipe-099 
 path_url=/api/v1/recipes/report-recipe-099 
 headers={'User-Agent': 'python-requests/2.32.5', 'Accept-Encoding': 'gzip, deflate', 'Accept': '*/*', 'Connection': 'keep-alive'} 
 body=None 
 </msg>
<msg time="2026-09-21T21:27:38.472324" level="INFO">GET Response : url=http://localhost:5000/api/v1/recipes/report-recipe-099 
 status=200, reason=OK 
 headers={'Content-Type': 'application/json; charset=utf-8', 'Date': 'Mon, 21 Sep 2026 14:27:38 GMT', 'Server': 'Kestrel', 'Transfer-Encoding': 'chunked'} 
 body={"id":"ad3cd75c-78cd-405e-aa66-73fb3f545373","title":"Report Recipe 099","slug":"report-recipe-099","description":"Randomly generated report recipe number 099.","prepTimeMinutes":5,"cookTimeMinutes":54,"servings":6,"difficulty":"Hard","status":1,"categoryId":"38a292af-f579-4d48-b532-e4d9896e2fd2","authorId":"report-author-00000000000000000000000000000001","rowVersion":"AA==","ingredients":[{"id":"645e84c9-f45b-4c7a-bfd6-e1c75d671744","name":"Ingredient 01","quantity":4.00,"unit":"portion","notes":"Generated report ingredient","orderIndex":1},{"id":"f9f990f7-e7e4-4c71-aaec-7063b040fd0a","name":"Ingredient 02","quantity":3.00,"unit":"portion","notes":"Generated report ingredient","orderIndex":2},{"id":"a06343d1-22f2-4cd7-92d6-413825f6a34f","name":"Ingredient 03","quantity":3.00,"unit":"portion","notes":"Generated report ingredient","orderIndex":3},{"id":"f895f8c0-e749-4190-82e0-c9d0ecebef95","name":"Ingredient 04","quantity":3.00,"unit":"portion","notes":"Generated report ingredient","orderIndex":4},{"id":"685168fb-0dd7-428b-bbd4-e83c1665bc3f","name":"Ingredient 05","quantity":4.00,"unit":"portion","notes":"Generated report ingredient","orderIndex":5},{"id":"7ac3243f-7405-478b-ab22-18c34f2b20e2","name":"Ingredient 06","quantity":4.00,"unit":"portion","notes":"Generated report ingredient","orderIndex":6},{"id":"f599618a-5443-498c-b051-588881d84b32","name":"Ingredient 07","quantity":5.00,"unit":"portion","notes":"Generated report ingredient","orderIndex":7},{"id":"347fd50e-5365-448e-af51-3f069da6c9c4","name":"Ingredient 08","quantity":3.00,"unit":"portion","notes":"Generated report ingredient","orderIndex":8},{"id":"b9c8cd29-a151-4411-9409-320775650b67","name":"Ingredient 09","quantity":3.00,"unit":"portion","notes":"Generated report ingredient","orderIndex":9},{"id":"c1783396-b330-4361-9115-29afcbe2024a","name":"Ingredient 10","quantity":4.00,"unit":"portion","notes":"Generated report ingredient","orderIndex":10}],"steps":[{"id":"9804518e-b6ff-4b76-acaa-67733962e47d","stepNumber":1,"title":"Preparation step 1","description":"Complete preparation step 1 for the report recipe.","durationMinutes":2,"imageUrl":null},{"id":"4411604a-5d6f-4dd8-b9db-9de07718de08","stepNumber":2,"title":"Preparation step 2","description":"Complete preparation step 2 for the report recipe.","durationMinutes":7,"imageUrl":null},{"id":"217b4b5a-fb80-42bf-b87a-357aa152e34d","stepNumber":3,"title":"Preparation step 3","description":"Complete preparation step 3 for the report recipe.","durationMinutes":7,"imageUrl":null},{"id":"e9fbb457-b052-4a01-86d6-62ec1e7343b6","stepNumber":4,"title":"Preparation step 4","description":"Complete preparation step 4 for the report recipe.","durationMinutes":3,"imageUrl":null},{"id":"bda91304-0784-4eaf-b45a-8d690933c2d0","stepNumber":5,"title":"Preparation step 5","description":"Complete preparation step 5 for the report recipe.","durationMinutes":9,"imageUrl":null}],"images":[],"nutrition":{"calories":646,"protein":17.00,"carbohydrates":64.00,"fat":16.00,"fiber":14.00,"sodium":667.00}} 
 </msg>
<msg time="2026-09-21T21:27:38.472324" level="INFO">${detail_response} = &lt;Response [200]&gt;</msg>
<var>${detail_response}</var>
<arg>api</arg>
<arg>url=/api/v1/recipes/${recipe}[slug]</arg>
<arg>expected_status=200</arg>
<doc>Sends a GET request on a previously created HTTP Session.</doc>
<status status="PASS" start="2026-09-21T21:27:26.475400" elapsed="11.996924"/>
</kw>
<kw name="Set Variable" owner="BuiltIn">
<msg time="2026-09-21T21:27:38.473338" level="INFO">${detail} = {'id': 'ad3cd75c-78cd-405e-aa66-73fb3f545373', 'title': 'Report Recipe 099', 'slug': 'report-recipe-099', 'description': 'Randomly generated report recipe number 099.', 'prepTimeMinutes': 5, 'cookTime...</msg>
<var>${detail}</var>
<arg>${detail_response.json()}</arg>
<doc>Returns the given values which can then be assigned to a variable.</doc>
<status status="PASS" start="2026-09-21T21:27:38.472324" elapsed="0.001014"/>
</kw>
<kw name="Get Length" owner="BuiltIn">
<msg time="2026-09-21T21:27:38.473338" level="INFO">Length is 10.</msg>
<msg time="2026-09-21T21:27:38.473338" level="INFO">${ingredient_count} = 10</msg>
<var>${ingredient_count}</var>
<arg>${detail}[ingredients]</arg>
<doc>Returns and logs the length of the given item as an integer.</doc>
<status status="PASS" start="2026-09-21T21:27:38.473338" elapsed="0.000000"/>
</kw>
<kw name="Get Length" owner="BuiltIn">
<msg time="2026-09-21T21:27:38.474338" level="INFO">Length is 5.</msg>
<msg time="2026-09-21T21:27:38.474338" level="INFO">${step_count} = 5</msg>
<var>${step_count}</var>
<arg>${detail}[steps]</arg>
<doc>Returns and logs the length of the given item as an integer.</doc>
<status status="PASS" start="2026-09-21T21:27:38.473338" elapsed="0.001000"/>
</kw>
<kw name="Should Be True" owner="BuiltIn">
<arg>${ingredient_count} &gt;= 10</arg>
<arg>${recipe}[slug] has fewer than 10 ingredients</arg>
<doc>Fails if the given condition is not true.</doc>
<status status="PASS" start="2026-09-21T21:27:38.474338" elapsed="0.000000"/>
</kw>
<kw name="Should Be True" owner="BuiltIn">
<arg>${step_count} &gt;= 5</arg>
<arg>${recipe}[slug] has fewer than 5 steps</arg>
<doc>Fails if the given condition is not true.</doc>
<status status="PASS" start="2026-09-21T21:27:38.474338" elapsed="0.000000"/>
</kw>
<var name="${recipe}">{'id': 'ad3cd75c-78cd-405e-aa66-73fb3f545373', 'title': 'Report Recipe 099', 'slug': 'report-recipe-099', 'description': 'Randomly generated report recipe number 099.', 'difficulty': 'Hard', 'cookTime...</var>
<status status="PASS" start="2026-09-21T21:27:26.475400" elapsed="11.998938"/>
</iter>
<iter>
<kw name="GET On Session" owner="RequestsLibrary">
<msg time="2026-09-21T21:27:49.470339" level="INFO">GET Request : url=http://localhost:5000/api/v1/recipes/report-recipe-098 
 path_url=/api/v1/recipes/report-recipe-098 
 headers={'User-Agent': 'python-requests/2.32.5', 'Accept-Encoding': 'gzip, deflate', 'Accept': '*/*', 'Connection': 'keep-alive'} 
 body=None 
 </msg>
<msg time="2026-09-21T21:27:49.470339" level="INFO">GET Response : url=http://localhost:5000/api/v1/recipes/report-recipe-098 
 status=200, reason=OK 
 headers={'Content-Type': 'application/json; charset=utf-8', 'Date': 'Mon, 21 Sep 2026 14:27:49 GMT', 'Server': 'Kestrel', 'Transfer-Encoding': 'chunked'} 
 body={"id":"be44aa06-f5de-4840-8ed6-38852ed22972","title":"Report Recipe 098","slug":"report-recipe-098","description":"Randomly generated report recipe number 098.","prepTimeMinutes":12,"cookTimeMinutes":69,"servings":6,"difficulty":"Easy","status":1,"categoryId":"63465ab1-4ffe-4255-9e03-1c9cf777edf4","authorId":"report-author-00000000000000000000000000000001","rowVersion":"AA==","ingredients":[{"id":"04aa15d4-1158-4a41-80a7-60a95f5854ee","name":"Ingredient 01","quantity":4.00,"unit":"portion","notes":"Generated report ingredient","orderIndex":1},{"id":"3163a902-cdd8-4abd-9f10-8bd3483fcb6d","name":"Ingredient 02","quantity":5.00,"unit":"portion","notes":"Generated report ingredient","orderIndex":2},{"id":"cd046149-df43-41bd-a1a2-1be5b1c38faf","name":"Ingredient 03","quantity":5.00,"unit":"portion","notes":"Generated report ingredient","orderIndex":3},{"id":"46d369f6-14b8-49e3-befe-2b543734cf51","name":"Ingredient 04","quantity":4.00,"unit":"portion","notes":"Generated report ingredient","orderIndex":4},{"id":"47387f0c-7df9-4bff-a3b3-471588f08338","name":"Ingredient 05","quantity":1.00,"unit":"portion","notes":"Generated report ingredient","orderIndex":5},{"id":"b51b4e3f-f4ba-45fc-a572-a317175b4d8d","name":"Ingredient 06","quantity":3.00,"unit":"portion","notes":"Generated report ingredient","orderIndex":6},{"id":"d2983e21-2bc9-4b17-b0f7-44fdf4516744","name":"Ingredient 07","quantity":3.00,"unit":"portion","notes":"Generated report ingredient","orderIndex":7},{"id":"37014528-d0c9-4d79-971c-33f263e06361","name":"Ingredient 08","quantity":5.00,"unit":"portion","notes":"Generated report ingredient","orderIndex":8},{"id":"e04ba987-3e36-4731-a898-dfd57455c93c","name":"Ingredient 09","quantity":4.00,"unit":"portion","notes":"Generated report ingredient","orderIndex":9},{"id":"1692da51-d1a5-47a8-b63b-196e765864d5","name":"Ingredient 10","quantity":2.00,"unit":"portion","notes":"Generated report ingredient","orderIndex":10}],"steps":[{"id":"c05a629a-f71e-4c76-90d4-d71857573f6c","stepNumber":1,"title":"Preparation step 1","description":"Complete preparation step 1 for the report recipe.","durationMinutes":13,"imageUrl":null},{"id":"226feb51-7d94-4ad6-aa4a-33f7ad3ba51e","stepNumber":2,"title":"Preparation step 2","description":"Complete preparation step 2 for the report recipe.","durationMinutes":7,"imageUrl":null},{"id":"675d883e-7960-4d99-8e5d-eae8ed0a2385","stepNumber":3,"title":"Preparation step 3","description":"Complete preparation step 3 for the report recipe.","durationMinutes":7,"imageUrl":null},{"id":"b5e18460-de3d-474e-b620-eb0402cac919","stepNumber":4,"title":"Preparation step 4","description":"Complete preparation step 4 for the report recipe.","durationMinutes":9,"imageUrl":null},{"id":"e2cc21b8-83a0-4c57-b687-58a03b3657dd","stepNumber":5,"title":"Preparation step 5","description":"Complete preparation step 5 for the report recipe.","durationMinutes":7,"imageUrl":null}],"images":[],"nutrition":{"calories":343,"protein":38.00,"carbohydrates":31.00,"fat":27.00,"fiber":9.00,"sodium":231.00}} 
 </msg>
<msg time="2026-09-21T21:27:49.470339" level="INFO">${detail_response} = &lt;Response [200]&gt;</msg>
<var>${detail_response}</var>
<arg>api</arg>
<arg>url=/api/v1/recipes/${recipe}[slug]</arg>
<arg>expected_status=200</arg>
<doc>Sends a GET request on a previously created HTTP Session.</doc>
<status status="PASS" start="2026-09-21T21:27:38.475337" elapsed="10.995002"/>
</kw>
<kw name="Set Variable" owner="BuiltIn">
<msg time="2026-09-21T21:27:49.470339" level="INFO">${detail} = {'id': 'be44aa06-f5de-4840-8ed6-38852ed22972', 'title': 'Report Recipe 098', 'slug': 'report-recipe-098', 'description': 'Randomly generated report recipe number 098.', 'prepTimeMinutes': 12, 'cookTim...</msg>
<var>${detail}</var>
<arg>${detail_response.json()}</arg>
<doc>Returns the given values which can then be assigned to a variable.</doc>
<status status="PASS" start="2026-09-21T21:27:49.470339" elapsed="0.000000"/>
</kw>
<kw name="Get Length" owner="BuiltIn">
<msg time="2026-09-21T21:27:49.470339" level="INFO">Length is 10.</msg>
<msg time="2026-09-21T21:27:49.470339" level="INFO">${ingredient_count} = 10</msg>
<var>${ingredient_count}</var>
<arg>${detail}[ingredients]</arg>
<doc>Returns and logs the length of the given item as an integer.</doc>
<status status="PASS" start="2026-09-21T21:27:49.470339" elapsed="0.001505"/>
</kw>
<kw name="Get Length" owner="BuiltIn">
<msg time="2026-09-21T21:27:49.471844" level="INFO">Length is 5.</msg>
<msg time="2026-09-21T21:27:49.471844" level="INFO">${step_count} = 5</msg>
<var>${step_count}</var>
<arg>${detail}[steps]</arg>
<doc>Returns and logs the length of the given item as an integer.</doc>
<status status="PASS" start="2026-09-21T21:27:49.471844" elapsed="0.000000"/>
</kw>
<kw name="Should Be True" owner="BuiltIn">
<arg>${ingredient_count} &gt;= 10</arg>
<arg>${recipe}[slug] has fewer than 10 ingredients</arg>
<doc>Fails if the given condition is not true.</doc>
<status status="PASS" start="2026-09-21T21:27:49.471844" elapsed="0.000000"/>
</kw>
<kw name="Should Be True" owner="BuiltIn">
<arg>${step_count} &gt;= 5</arg>
<arg>${recipe}[slug] has fewer than 5 steps</arg>
<doc>Fails if the given condition is not true.</doc>
<status status="PASS" start="2026-09-21T21:27:49.472852" elapsed="0.000000"/>
</kw>
<var name="${recipe}">{'id': 'be44aa06-f5de-4840-8ed6-38852ed22972', 'title': 'Report Recipe 098', 'slug': 'report-recipe-098', 'description': 'Randomly generated report recipe number 098.', 'difficulty': 'Easy', 'cookTime...</var>
<status status="PASS" start="2026-09-21T21:27:38.474338" elapsed="10.998514"/>
</iter>
<iter>
<kw name="GET On Session" owner="RequestsLibrary">
<msg time="2026-09-21T21:28:01.460954" level="INFO">GET Request : url=http://localhost:5000/api/v1/recipes/report-recipe-097 
 path_url=/api/v1/recipes/report-recipe-097 
 headers={'User-Agent': 'python-requests/2.32.5', 'Accept-Encoding': 'gzip, deflate', 'Accept': '*/*', 'Connection': 'keep-alive'} 
 body=None 
 </msg>
<msg time="2026-09-21T21:28:01.460954" level="INFO">GET Response : url=http://localhost:5000/api/v1/recipes/report-recipe-097 
 status=200, reason=OK 
 headers={'Content-Type': 'application/json; charset=utf-8', 'Date': 'Mon, 21 Sep 2026 14:28:00 GMT', 'Server': 'Kestrel', 'Transfer-Encoding': 'chunked'} 
 body={"id":"1def9deb-fbea-4747-a68b-834914004282","title":"Report Recipe 097","slug":"report-recipe-097","description":"Randomly generated report recipe number 097.","prepTimeMinutes":29,"cookTimeMinutes":81,"servings":6,"difficulty":"Medium","status":1,"categoryId":"01f2fc8b-f3f8-458e-b13c-8aa95af4be3f","authorId":"report-author-00000000000000000000000000000001","rowVersion":"AA==","ingredients":[{"id":"ef27fc90-0b7d-4c47-9a9e-5f488a3dc54b","name":"Ingredient 01","quantity":1.00,"unit":"portion","notes":"Generated report ingredient","orderIndex":1},{"id":"b4cc49e9-4c71-484c-9af1-90448826e97b","name":"Ingredient 02","quantity":3.00,"unit":"portion","notes":"Generated report ingredient","orderIndex":2},{"id":"030e755d-63cf-44f8-99d5-2285e07fdd0d","name":"Ingredient 03","quantity":1.00,"unit":"portion","notes":"Generated report ingredient","orderIndex":3},{"id":"ae36ade8-0920-4852-911b-1c4804398cf0","name":"Ingredient 04","quantity":3.00,"unit":"portion","notes":"Generated report ingredient","orderIndex":4},{"id":"f0fc587d-b766-4e2e-bf9a-664cf63e9807","name":"Ingredient 05","quantity":2.00,"unit":"portion","notes":"Generated report ingredient","orderIndex":5},{"id":"29edcd45-4288-4cdd-8e3b-cca4c089b3f6","name":"Ingredient 06","quantity":5.00,"unit":"portion","notes":"Generated report ingredient","orderIndex":6},{"id":"8889ed4d-e783-46d0-a6da-8deb9fcc6551","name":"Ingredient 07","quantity":2.00,"unit":"portion","notes":"Generated report ingredient","orderIndex":7},{"id":"8eadfc10-bf42-4085-b45a-cd8b14be3f03","name":"Ingredient 08","quantity":1.00,"unit":"portion","notes":"Generated report ingredient","orderIndex":8},{"id":"16af2f0a-b8aa-4e42-8613-dd458c420ae8","name":"Ingredient 09","quantity":2.00,"unit":"portion","notes":"Generated report ingredient","orderIndex":9},{"id":"a08d842a-1f50-4a9d-80a7-8ab2ae12381c","name":"Ingredient 10","quantity":1.00,"unit":"portion","notes":"Generated report ingredient","orderIndex":10}],"steps":[{"id":"9acae411-35b0-40eb-94aa-240cb34cba6d","stepNumber":1,"title":"Preparation step 1","description":"Complete preparation step 1 for the report recipe.","durationMinutes":6,"imageUrl":null},{"id":"f38585b1-be0d-443d-929c-8cbcbadc0851","stepNumber":2,"title":"Preparation step 2","description":"Complete preparation step 2 for the report recipe.","durationMinutes":3,"imageUrl":null},{"id":"034e2c4a-7ba4-4a51-9822-b199c4626940","stepNumber":3,"title":"Preparation step 3","description":"Complete preparation step 3 for the report recipe.","durationMinutes":6,"imageUrl":null},{"id":"2e8a2f99-d874-4eff-8c1c-633fbee065e4","stepNumber":4,"title":"Preparation step 4","description":"Complete preparation step 4 for the report recipe.","durationMinutes":12,"imageUrl":null},{"id":"97aa52f4-e00c-4cd6-8432-c2f25f1b50c8","stepNumber":5,"title":"Preparation step 5","description":"Complete preparation step 5 for the report recipe.","durationMinutes":11,"imageUrl":null}],"images":[],"nutrition":{"calories":250,"protein":21.00,"carbohydrates":56.00,"fat":13.00,"fiber":4.00,"sodium":603.00}} 
 </msg>
<msg time="2026-09-21T21:28:01.461971" level="INFO">${detail_response} = &lt;Response [200]&gt;</msg>
<var>${detail_response}</var>
<arg>api</arg>
<arg>url=/api/v1/recipes/${recipe}[slug]</arg>
<arg>expected_status=200</arg>
<doc>Sends a GET request on a previously created HTTP Session.</doc>
<status status="PASS" start="2026-09-21T21:27:49.472852" elapsed="11.989119"/>
</kw>
<kw name="Set Variable" owner="BuiltIn">
<msg time="2026-09-21T21:28:01.462961" level="INFO">${detail} = {'id': '1def9deb-fbea-4747-a68b-834914004282', 'title': 'Report Recipe 097', 'slug': 'report-recipe-097', 'description': 'Randomly generated report recipe number 097.', 'prepTimeMinutes': 29, 'cookTim...</msg>
<var>${detail}</var>
<arg>${detail_response.json()}</arg>
<doc>Returns the given values which can then be assigned to a variable.</doc>
<status status="PASS" start="2026-09-21T21:28:01.461971" elapsed="0.000990"/>
</kw>
<kw name="Get Length" owner="BuiltIn">
<msg time="2026-09-21T21:28:01.462961" level="INFO">Length is 10.</msg>
<msg time="2026-09-21T21:28:01.462961" level="INFO">${ingredient_count} = 10</msg>
<var>${ingredient_count}</var>
<arg>${detail}[ingredients]</arg>
<doc>Returns and logs the length of the given item as an integer.</doc>
<status status="PASS" start="2026-09-21T21:28:01.462961" elapsed="0.000000"/>
</kw>
<kw name="Get Length" owner="BuiltIn">
<msg time="2026-09-21T21:28:01.462961" level="INFO">Length is 5.</msg>
<msg time="2026-09-21T21:28:01.463961" level="INFO">${step_count} = 5</msg>
<var>${step_count}</var>
<arg>${detail}[steps]</arg>
<doc>Returns and logs the length of the given item as an integer.</doc>
<status status="PASS" start="2026-09-21T21:28:01.462961" elapsed="0.001000"/>
</kw>
<kw name="Should Be True" owner="BuiltIn">
<arg>${ingredient_count} &gt;= 10</arg>
<arg>${recipe}[slug] has fewer than 10 ingredients</arg>
<doc>Fails if the given condition is not true.</doc>
<status status="PASS" start="2026-09-21T21:28:01.463961" elapsed="0.000000"/>
</kw>
<kw name="Should Be True" owner="BuiltIn">
<arg>${step_count} &gt;= 5</arg>
<arg>${recipe}[slug] has fewer than 5 steps</arg>
<doc>Fails if the given condition is not true.</doc>
<status status="PASS" start="2026-09-21T21:28:01.463961" elapsed="0.001000"/>
</kw>
<var name="${recipe}">{'id': '1def9deb-fbea-4747-a68b-834914004282', 'title': 'Report Recipe 097', 'slug': 'report-recipe-097', 'description': 'Randomly generated report recipe number 097.', 'difficulty': 'Medium', 'cookTi...</var>
<status status="PASS" start="2026-09-21T21:27:49.472852" elapsed="11.992109"/>
</iter>
<iter>
<kw name="GET On Session" owner="RequestsLibrary">
<msg time="2026-09-21T21:28:12.461628" level="INFO">GET Request : url=http://localhost:5000/api/v1/recipes/report-recipe-096 
 path_url=/api/v1/recipes/report-recipe-096 
 headers={'User-Agent': 'python-requests/2.32.5', 'Accept-Encoding': 'gzip, deflate', 'Accept': '*/*', 'Connection': 'keep-alive'} 
 body=None 
 </msg>
<msg time="2026-09-21T21:28:12.461628" level="INFO">GET Response : url=http://localhost:5000/api/v1/recipes/report-recipe-096 
 status=200, reason=OK 
 headers={'Content-Type': 'application/json; charset=utf-8', 'Date': 'Mon, 21 Sep 2026 14:28:11 GMT', 'Server': 'Kestrel', 'Transfer-Encoding': 'chunked'} 
 body={"id":"ece8f972-4d70-471c-b0d9-7c1229b4d1fe","title":"Report Recipe 096","slug":"report-recipe-096","description":"Randomly generated report recipe number 096.","prepTimeMinutes":10,"cookTimeMinutes":24,"servings":5,"difficulty":"Medium","status":1,"categoryId":"32fa1c98-c61a-4556-b7d9-e1792d1daf5a","authorId":"report-author-00000000000000000000000000000001","rowVersion":"AA==","ingredients":[{"id":"ae25a5f4-0d7f-4e46-b6ac-a68b1072f5b4","name":"Ingredient 01","quantity":3.00,"unit":"portion","notes":"Generated report ingredient","orderIndex":1},{"id":"4325e302-1191-4032-b05a-757ec4a604c5","name":"Ingredient 02","quantity":3.00,"unit":"portion","notes":"Generated report ingredient","orderIndex":2},{"id":"9bf6653d-1f68-406a-b3f5-5c03b9b1a859","name":"Ingredient 03","quantity":3.00,"unit":"portion","notes":"Generated report ingredient","orderIndex":3},{"id":"7bf3b2c5-3be7-43ad-a54b-a6b5ba49d4b3","name":"Ingredient 04","quantity":1.00,"unit":"portion","notes":"Generated report ingredient","orderIndex":4},{"id":"5ff7984d-9df5-4051-8bc2-6fb6a8ec0cba","name":"Ingredient 05","quantity":2.00,"unit":"portion","notes":"Generated report ingredient","orderIndex":5},{"id":"4a339758-ef3d-4a61-87af-651053e46a3d","name":"Ingredient 06","quantity":2.00,"unit":"portion","notes":"Generated report ingredient","orderIndex":6},{"id":"d16994b8-048c-4320-b50c-fa175637d6cd","name":"Ingredient 07","quantity":3.00,"unit":"portion","notes":"Generated report ingredient","orderIndex":7},{"id":"7b187d9c-ae8e-4af6-98bd-e975faaaab1c","name":"Ingredient 08","quantity":5.00,"unit":"portion","notes":"Generated report ingredient","orderIndex":8},{"id":"6b890704-7c7d-43f0-8878-252b29bdef8e","name":"Ingredient 09","quantity":5.00,"unit":"portion","notes":"Generated report ingredient","orderIndex":9},{"id":"ce289738-4cbb-4c81-961a-04094e44b8c9","name":"Ingredient 10","quantity":2.00,"unit":"portion","notes":"Generated report ingredient","orderIndex":10}],"steps":[{"id":"27718c25-42d9-4df4-a913-12abe196664b","stepNumber":1,"title":"Preparation step 1","description":"Complete preparation step 1 for the report recipe.","durationMinutes":8,"imageUrl":null},{"id":"18d5112a-7132-4417-9ec1-fce6423a5dd4","stepNumber":2,"title":"Preparation step 2","description":"Complete preparation step 2 for the report recipe.","durationMinutes":15,"imageUrl":null},{"id":"f8b92953-caf4-4727-93e3-385632e5b972","stepNumber":3,"title":"Preparation step 3","description":"Complete preparation step 3 for the report recipe.","durationMinutes":8,"imageUrl":null},{"id":"eee2fd83-f777-40b7-ae72-f9b064a5d3f7","stepNumber":4,"title":"Preparation step 4","description":"Complete preparation step 4 for the report recipe.","durationMinutes":15,"imageUrl":null},{"id":"96d75d49-6543-497b-9f43-13fb7f2a2568","stepNumber":5,"title":"Preparation step 5","description":"Complete preparation step 5 for the report recipe.","durationMinutes":13,"imageUrl":null}],"images":[],"nutrition":{"calories":355,"protein":19.00,"carbohydrates":41.00,"fat":14.00,"fiber":12.00,"sodium":213.00}} 
 </msg>
<msg time="2026-09-21T21:28:12.462629" level="INFO">${detail_response} = &lt;Response [200]&gt;</msg>
<var>${detail_response}</var>
<arg>api</arg>
<arg>url=/api/v1/recipes/${recipe}[slug]</arg>
<arg>expected_status=200</arg>
<doc>Sends a GET request on a previously created HTTP Session.</doc>
<status status="PASS" start="2026-09-21T21:28:01.464961" elapsed="10.997668"/>
</kw>
<kw name="Set Variable" owner="BuiltIn">
<msg time="2026-09-21T21:28:12.464659" level="INFO">${detail} = {'id': 'ece8f972-4d70-471c-b0d9-7c1229b4d1fe', 'title': 'Report Recipe 096', 'slug': 'report-recipe-096', 'description': 'Randomly generated report recipe number 096.', 'prepTimeMinutes': 10, 'cookTim...</msg>
<var>${detail}</var>
<arg>${detail_response.json()}</arg>
<doc>Returns the given values which can then be assigned to a variable.</doc>
<status status="PASS" start="2026-09-21T21:28:12.462629" elapsed="0.002030"/>
</kw>
<kw name="Get Length" owner="BuiltIn">
<msg time="2026-09-21T21:28:12.467651" level="INFO">Length is 10.</msg>
<msg time="2026-09-21T21:28:12.467651" level="INFO">${ingredient_count} = 10</msg>
<var>${ingredient_count}</var>
<arg>${detail}[ingredients]</arg>
<doc>Returns and logs the length of the given item as an integer.</doc>
<status status="PASS" start="2026-09-21T21:28:12.465654" elapsed="0.001997"/>
</kw>
<kw name="Get Length" owner="BuiltIn">
<msg time="2026-09-21T21:28:12.467651" level="INFO">Length is 5.</msg>
<msg time="2026-09-21T21:28:12.467651" level="INFO">${step_count} = 5</msg>
<var>${step_count}</var>
<arg>${detail}[steps]</arg>
<doc>Returns and logs the length of the given item as an integer.</doc>
<status status="PASS" start="2026-09-21T21:28:12.467651" elapsed="0.000000"/>
</kw>
<kw name="Should Be True" owner="BuiltIn">
<arg>${ingredient_count} &gt;= 10</arg>
<arg>${recipe}[slug] has fewer than 10 ingredients</arg>
<doc>Fails if the given condition is not true.</doc>
<status status="PASS" start="2026-09-21T21:28:12.467651" elapsed="0.000978"/>
</kw>
<kw name="Should Be True" owner="BuiltIn">
<arg>${step_count} &gt;= 5</arg>
<arg>${recipe}[slug] has fewer than 5 steps</arg>
<doc>Fails if the given condition is not true.</doc>
<status status="PASS" start="2026-09-21T21:28:12.468629" elapsed="0.001565"/>
</kw>
<var name="${recipe}">{'id': 'ece8f972-4d70-471c-b0d9-7c1229b4d1fe', 'title': 'Report Recipe 096', 'slug': 'report-recipe-096', 'description': 'Randomly generated report recipe number 096.', 'difficulty': 'Medium', 'cookTi...</var>
<status status="PASS" start="2026-09-21T21:28:01.464961" elapsed="11.005233"/>
</iter>
<iter>
<kw name="GET On Session" owner="RequestsLibrary">
<msg time="2026-09-21T21:28:23.467474" level="INFO">GET Request : url=http://localhost:5000/api/v1/recipes/report-recipe-095 
 path_url=/api/v1/recipes/report-recipe-095 
 headers={'User-Agent': 'python-requests/2.32.5', 'Accept-Encoding': 'gzip, deflate', 'Accept': '*/*', 'Connection': 'keep-alive'} 
 body=None 
 </msg>
<msg time="2026-09-21T21:28:23.467474" level="INFO">GET Response : url=http://localhost:5000/api/v1/recipes/report-recipe-095 
 status=200, reason=OK 
 headers={'Content-Type': 'application/json; charset=utf-8', 'Date': 'Mon, 21 Sep 2026 14:28:22 GMT', 'Server': 'Kestrel', 'Transfer-Encoding': 'chunked'} 
 body={"id":"76349b9f-31f5-4ea4-85a8-55821e55b3e2","title":"Report Recipe 095","slug":"report-recipe-095","description":"Randomly generated report recipe number 095.","prepTimeMinutes":11,"cookTimeMinutes":49,"servings":7,"difficulty":"Medium","status":1,"categoryId":"2bbb5fc1-b680-44fe-9d3d-38cd7eea5413","authorId":"report-author-00000000000000000000000000000001","rowVersion":"AA==","ingredients":[{"id":"c00cf540-f174-4f5c-813f-6823a1bb631e","name":"Ingredient 01","quantity":1.00,"unit":"portion","notes":"Generated report ingredient","orderIndex":1},{"id":"fd035160-fcdb-462b-bb7a-0a5ceb6949f9","name":"Ingredient 02","quantity":3.00,"unit":"portion","notes":"Generated report ingredient","orderIndex":2},{"id":"6510a6be-347a-4d36-b37c-ed8f942a4a04","name":"Ingredient 03","quantity":3.00,"unit":"portion","notes":"Generated report ingredient","orderIndex":3},{"id":"517bda2a-29c9-4589-8074-cf83a313348b","name":"Ingredient 04","quantity":4.00,"unit":"portion","notes":"Generated report ingredient","orderIndex":4},{"id":"80d63d73-3cde-4a7f-903f-8a79ce2ca981","name":"Ingredient 05","quantity":3.00,"unit":"portion","notes":"Generated report ingredient","orderIndex":5},{"id":"fe9fde9c-7f18-414d-a545-7a322351b2c2","name":"Ingredient 06","quantity":5.00,"unit":"portion","notes":"Generated report ingredient","orderIndex":6},{"id":"d91d32d3-1c49-4231-b5b6-86dc3ac7678a","name":"Ingredient 07","quantity":3.00,"unit":"portion","notes":"Generated report ingredient","orderIndex":7},{"id":"26d1e4c9-94fb-4381-8310-05bb8d00bc7f","name":"Ingredient 08","quantity":2.00,"unit":"portion","notes":"Generated report ingredient","orderIndex":8},{"id":"a7df8a21-970d-4239-b37e-442ce9d39983","name":"Ingredient 09","quantity":1.00,"unit":"portion","notes":"Generated report ingredient","orderIndex":9},{"id":"601e6682-6f6f-464f-82fd-addcdfcafaf1","name":"Ingredient 10","quantity":1.00,"unit":"portion","notes":"Generated report ingredient","orderIndex":10}],"steps":[{"id":"7d01252c-a9a2-47ea-831f-64096e863ccf","stepNumber":1,"title":"Preparation step 1","description":"Complete preparation step 1 for the report recipe.","durationMinutes":9,"imageUrl":null},{"id":"c29c0be3-5b7c-45f3-bbd4-e0a055b7f346","stepNumber":2,"title":"Preparation step 2","description":"Complete preparation step 2 for the report recipe.","durationMinutes":4,"imageUrl":null},{"id":"29d23fb8-b91e-4054-9f03-230a2caa8d6a","stepNumber":3,"title":"Preparation step 3","description":"Complete preparation step 3 for the report recipe.","durationMinutes":7,"imageUrl":null},{"id":"ba434871-d048-4205-b6f8-d541a47f67fc","stepNumber":4,"title":"Preparation step 4","description":"Complete preparation step 4 for the report recipe.","durationMinutes":10,"imageUrl":null},{"id":"da644d10-9fd7-4a12-9bbe-30dada2e9bfd","stepNumber":5,"title":"Preparation step 5","description":"Complete preparation step 5 for the report recipe.","durationMinutes":11,"imageUrl":null}],"images":[],"nutrition":{"calories":562,"protein":33.00,"carbohydrates":67.00,"fat":16.00,"fiber":6.00,"sodium":149.00}} 
 </msg>
<msg time="2026-09-21T21:28:23.467474" level="INFO">${detail_response} = &lt;Response [200]&gt;</msg>
<var>${detail_response}</var>
<arg>api</arg>
<arg>url=/api/v1/recipes/${recipe}[slug]</arg>
<arg>expected_status=200</arg>
<doc>Sends a GET request on a previously created HTTP Session.</doc>
<status status="PASS" start="2026-09-21T21:28:12.471221" elapsed="10.996253"/>
</kw>
<kw name="Set Variable" owner="BuiltIn">
<msg time="2026-09-21T21:28:23.468969" level="INFO">${detail} = {'id': '76349b9f-31f5-4ea4-85a8-55821e55b3e2', 'title': 'Report Recipe 095', 'slug': 'report-recipe-095', 'description': 'Randomly generated report recipe number 095.', 'prepTimeMinutes': 11, 'cookTim...</msg>
<var>${detail}</var>
<arg>${detail_response.json()}</arg>
<doc>Returns the given values which can then be assigned to a variable.</doc>
<status status="PASS" start="2026-09-21T21:28:23.467474" elapsed="0.001495"/>
</kw>
[...]
<status status="PASS" start="2026-09-21T21:45:30.476770" elapsed="12.001933"/>
</iter>
<iter>
<kw name="GET On Session" owner="RequestsLibrary">
<msg time="2026-09-21T21:45:54.459909" level="INFO">GET Request : url=http://localhost:5000/api/v1/recipes/report-recipe-003 
 path_url=/api/v1/recipes/report-recipe-003 
 headers={'User-Agent': 'python-requests/2.32.5', 'Accept-Encoding': 'gzip, deflate', 'Accept': '*/*', 'Connection': 'keep-alive'} 
 body=None 
 </msg>
<msg time="2026-09-21T21:45:54.459909" level="INFO">GET Response : url=http://localhost:5000/api/v1/recipes/report-recipe-003 
 status=200, reason=OK 
 headers={'Content-Type': 'application/json; charset=utf-8', 'Date': 'Mon, 21 Sep 2026 14:45:53 GMT', 'Server': 'Kestrel', 'Transfer-Encoding': 'chunked'} 
 body={"id":"61421833-74dd-48a8-9c5b-cafa77e5a6ba","title":"Report Recipe 003","slug":"report-recipe-003","description":"Randomly generated report recipe number 003.","prepTimeMinutes":14,"cookTimeMinutes":11,"servings":5,"difficulty":"Medium","status":1,"categoryId":"91dcbe66-7ca1-444a-98eb-ae0b5f480869","authorId":"report-author-00000000000000000000000000000001","rowVersion":"AA==","ingredients":[{"id":"9dda6ef0-3989-4316-b402-5b4fe04e3347","name":"Ingredient 01","quantity":3.00,"unit":"portion","notes":"Generated report ingredient","orderIndex":1},{"id":"22886548-9561-443c-9294-93f25991bf67","name":"Ingredient 02","quantity":3.00,"unit":"portion","notes":"Generated report ingredient","orderIndex":2},{"id":"f528d58c-c8e8-46dd-b263-3aeb582fdf54","name":"Ingredient 03","quantity":1.00,"unit":"portion","notes":"Generated report ingredient","orderIndex":3},{"id":"37036d86-6aed-4366-b01e-f4f266805085","name":"Ingredient 04","quantity":5.00,"unit":"portion","notes":"Generated report ingredient","orderIndex":4},{"id":"abad1bdf-e0c3-4562-9dd9-c78dade62d6a","name":"Ingredient 05","quantity":1.00,"unit":"portion","notes":"Generated report ingredient","orderIndex":5},{"id":"5abee000-d060-4163-bca0-2b16e3682f87","name":"Ingredient 06","quantity":3.00,"unit":"portion","notes":"Generated report ingredient","orderIndex":6},{"id":"bedbb921-1db6-407d-b37d-bee2ef5e0825","name":"Ingredient 07","quantity":1.00,"unit":"portion","notes":"Generated report ingredient","orderIndex":7},{"id":"6aa8884e-dd88-4c5d-b64c-cc34cf4953fb","name":"Ingredient 08","quantity":4.00,"unit":"portion","notes":"Generated report ingredient","orderIndex":8},{"id":"bd309271-f121-4701-8b36-d0208b40a96c","name":"Ingredient 09","quantity":2.00,"unit":"portion","notes":"Generated report ingredient","orderIndex":9},{"id":"0f5dfdc4-ae8f-4292-8a4f-92674d7d02d4","name":"Ingredient 10","quantity":1.00,"unit":"portion","notes":"Generated report ingredient","orderIndex":10}],"steps":[{"id":"bc1635c3-e451-4524-8387-bcadf7ab66e1","stepNumber":1,"title":"Preparation step 1","description":"Complete preparation step 1 for the report recipe.","durationMinutes":14,"imageUrl":null},{"id":"4d1be4a8-e45a-484f-b9fd-87fb4f078dc2","stepNumber":2,"title":"Preparation step 2","description":"Complete preparation step 2 for the report recipe.","durationMinutes":2,"imageUrl":null},{"id":"9131b696-d63b-4652-84d4-30af2a26c504","stepNumber":3,"title":"Preparation step 3","description":"Complete preparation step 3 for the report recipe.","durationMinutes":15,"imageUrl":null},{"id":"8b108d34-47f6-4deb-83c2-dfab59044222","stepNumber":4,"title":"Preparation step 4","description":"Complete preparation step 4 for the report recipe.","durationMinutes":6,"imageUrl":null},{"id":"44ff995f-abb6-451f-a0fc-2882a25297ad","stepNumber":5,"title":"Preparation step 5","description":"Complete preparation step 5 for the report recipe.","durationMinutes":5,"imageUrl":null}],"images":[],"nutrition":{"calories":657,"protein":31.00,"carbohydrates":68.00,"fat":21.00,"fiber":7.00,"sodium":450.00}} 
 </msg>
<msg time="2026-09-21T21:45:54.459909" level="INFO">${detail_response} = &lt;Response [200]&gt;</msg>
<var>${detail_response}</var>
<arg>api</arg>
<arg>url=/api/v1/recipes/${recipe}[slug]</arg>
<arg>expected_status=200</arg>
<doc>Sends a GET request on a previously created HTTP Session.</doc>
<status status="PASS" start="2026-09-21T21:45:42.479585" elapsed="11.980324"/>
</kw>
<kw name="Set Variable" owner="BuiltIn">
<msg time="2026-09-21T21:45:54.460931" level="INFO">${detail} = {'id': '61421833-74dd-48a8-9c5b-cafa77e5a6ba', 'title': 'Report Recipe 003', 'slug': 'report-recipe-003', 'description': 'Randomly generated report recipe number 003.', 'prepTimeMinutes': 14, 'cookTim...</msg>
<var>${detail}</var>
<arg>${detail_response.json()}</arg>
<doc>Returns the given values which can then be assigned to a variable.</doc>
<status status="PASS" start="2026-09-21T21:45:54.459909" elapsed="0.001022"/>
</kw>
<kw name="Get Length" owner="BuiltIn">
<msg time="2026-09-21T21:45:54.462931" level="INFO">Length is 10.</msg>
<msg time="2026-09-21T21:45:54.462931" level="INFO">${ingredient_count} = 10</msg>
<var>${ingredient_count}</var>
<arg>${detail}[ingredients]</arg>
<doc>Returns and logs the length of the given item as an integer.</doc>
<status status="PASS" start="2026-09-21T21:45:54.461934" elapsed="0.000997"/>
</kw>
<kw name="Get Length" owner="BuiltIn">
<msg time="2026-09-21T21:45:54.463927" level="INFO">Length is 5.</msg>
<msg time="2026-09-21T21:45:54.463927" level="INFO">${step_count} = 5</msg>
<var>${step_count}</var>
<arg>${detail}[steps]</arg>
<doc>Returns and logs the length of the given item as an integer.</doc>
<status status="PASS" start="2026-09-21T21:45:54.462931" elapsed="0.000996"/>
</kw>
<kw name="Should Be True" owner="BuiltIn">
<arg>${ingredient_count} &gt;= 10</arg>
<arg>${recipe}[slug] has fewer than 10 ingredients</arg>
<doc>Fails if the given condition is not true.</doc>
<status status="PASS" start="2026-09-21T21:45:54.464928" elapsed="0.000000"/>
</kw>
<kw name="Should Be True" owner="BuiltIn">
<arg>${step_count} &gt;= 5</arg>
<arg>${recipe}[slug] has fewer than 5 steps</arg>
<doc>Fails if the given condition is not true.</doc>
<status status="PASS" start="2026-09-21T21:45:54.464928" elapsed="0.001512"/>
</kw>
<var name="${recipe}">{'id': '61421833-74dd-48a8-9c5b-cafa77e5a6ba', 'title': 'Report Recipe 003', 'slug': 'report-recipe-003', 'description': 'Randomly generated report recipe number 003.', 'difficulty': 'Medium', 'cookTi...</var>
<status status="PASS" start="2026-09-21T21:45:42.479585" elapsed="11.986855"/>
</iter>
<iter>
<kw name="GET On Session" owner="RequestsLibrary">
<msg time="2026-09-21T21:46:05.467698" level="INFO">GET Request : url=http://localhost:5000/api/v1/recipes/report-recipe-002 
 path_url=/api/v1/recipes/report-recipe-002 
 headers={'User-Agent': 'python-requests/2.32.5', 'Accept-Encoding': 'gzip, deflate', 'Accept': '*/*', 'Connection': 'keep-alive'} 
 body=None 
 </msg>
<msg time="2026-09-21T21:46:05.467698" level="INFO">GET Response : url=http://localhost:5000/api/v1/recipes/report-recipe-002 
 status=200, reason=OK 
 headers={'Content-Type': 'application/json; charset=utf-8', 'Date': 'Mon, 21 Sep 2026 14:46:04 GMT', 'Server': 'Kestrel', 'Transfer-Encoding': 'chunked'} 
 body={"id":"7cf12278-53b1-4140-971d-fbe61dc3e0a2","title":"Report Recipe 002","slug":"report-recipe-002","description":"Randomly generated report recipe number 002.","prepTimeMinutes":22,"cookTimeMinutes":86,"servings":6,"difficulty":"Easy","status":1,"categoryId":"7c0f7b04-74ea-479b-8bd1-b19a66b03fb8","authorId":"report-author-00000000000000000000000000000001","rowVersion":"AA==","ingredients":[{"id":"2c2a9b08-bae4-46c2-b87d-361a44a7790a","name":"Ingredient 01","quantity":1.00,"unit":"portion","notes":"Generated report ingredient","orderIndex":1},{"id":"58db6979-773e-442d-9eae-982e4f7e97c1","name":"Ingredient 02","quantity":2.00,"unit":"portion","notes":"Generated report ingredient","orderIndex":2},{"id":"1c1fc13a-fc4d-4ff1-8090-1b7ad3bcedfe","name":"Ingredient 03","quantity":2.00,"unit":"portion","notes":"Generated report ingredient","orderIndex":3},{"id":"4cb49ae5-0517-471f-a5a9-64510606de99","name":"Ingredient 04","quantity":2.00,"unit":"portion","notes":"Generated report ingredient","orderIndex":4},{"id":"c034dffb-ca3d-462a-81ed-a6f6e2db8aeb","name":"Ingredient 05","quantity":5.00,"unit":"portion","notes":"Generated report ingredient","orderIndex":5},{"id":"61f120cf-906a-42f7-9721-f2783c1ba0d4","name":"Ingredient 06","quantity":1.00,"unit":"portion","notes":"Generated report ingredient","orderIndex":6},{"id":"75a40972-f822-442e-a4f4-150dba289ad6","name":"Ingredient 07","quantity":5.00,"unit":"portion","notes":"Generated report ingredient","orderIndex":7},{"id":"eaccccfa-cd31-4d55-aea5-92719839a7ff","name":"Ingredient 08","quantity":5.00,"unit":"portion","notes":"Generated report ingredient","orderIndex":8},{"id":"c8e13110-e2af-40d3-b390-15f6b566df1a","name":"Ingredient 09","quantity":1.00,"unit":"portion","notes":"Generated report ingredient","orderIndex":9},{"id":"18e17a2e-0db6-437f-81f7-a950be46e22c","name":"Ingredient 10","quantity":4.00,"unit":"portion","notes":"Generated report ingredient","orderIndex":10}],"steps":[{"id":"aa6d1a40-b514-43ba-a28c-5e36499f6d74","stepNumber":1,"title":"Preparation step 1","description":"Complete preparation step 1 for the report recipe.","durationMinutes":5,"imageUrl":null},{"id":"b26edd6d-83c4-4c47-a4e1-11376badf41e","stepNumber":2,"title":"Preparation step 2","description":"Complete preparation step 2 for the report recipe.","durationMinutes":7,"imageUrl":null},{"id":"44c77c7c-6f1b-4542-9344-782534ef0945","stepNumber":3,"title":"Preparation step 3","description":"Complete preparation step 3 for the report recipe.","durationMinutes":9,"imageUrl":null},{"id":"af644532-1d66-45ee-8970-49027682a51b","stepNumber":4,"title":"Preparation step 4","description":"Complete preparation step 4 for the report recipe.","durationMinutes":4,"imageUrl":null},{"id":"105df758-8804-40c3-a658-b95de4fe9c42","stepNumber":5,"title":"Preparation step 5","description":"Complete preparation step 5 for the report recipe.","durationMinutes":4,"imageUrl":null}],"images":[],"nutrition":{"calories":438,"protein":40.00,"carbohydrates":85.00,"fat":28.00,"fiber":11.00,"sodium":426.00}} 
 </msg>
<msg time="2026-09-21T21:46:05.468698" level="INFO">${detail_response} = &lt;Response [200]&gt;</msg>
<var>${detail_response}</var>
<arg>api</arg>
<arg>url=/api/v1/recipes/${recipe}[slug]</arg>
<arg>expected_status=200</arg>
<doc>Sends a GET request on a previously created HTTP Session.</doc>
<status status="PASS" start="2026-09-21T21:45:54.467465" elapsed="11.001233"/>
</kw>
<kw name="Set Variable" owner="BuiltIn">
<msg time="2026-09-21T21:46:05.468698" level="INFO">${detail} = {'id': '7cf12278-53b1-4140-971d-fbe61dc3e0a2', 'title': 'Report Recipe 002', 'slug': 'report-recipe-002', 'description': 'Randomly generated report recipe number 002.', 'prepTimeMinutes': 22, 'cookTim...</msg>
<var>${detail}</var>
<arg>${detail_response.json()}</arg>
<doc>Returns the given values which can then be assigned to a variable.</doc>
<status status="PASS" start="2026-09-21T21:46:05.468698" elapsed="0.000000"/>
</kw>
<kw name="Get Length" owner="BuiltIn">
<msg time="2026-09-21T21:46:05.469698" level="INFO">Length is 10.</msg>
<msg time="2026-09-21T21:46:05.469698" level="INFO">${ingredient_count} = 10</msg>
<var>${ingredient_count}</var>
<arg>${detail}[ingredients]</arg>
<doc>Returns and logs the length of the given item as an integer.</doc>
<status status="PASS" start="2026-09-21T21:46:05.468698" elapsed="0.001000"/>
</kw>
<kw name="Get Length" owner="BuiltIn">
<msg time="2026-09-21T21:46:05.469698" level="INFO">Length is 5.</msg>
<msg time="2026-09-21T21:46:05.469698" level="INFO">${step_count} = 5</msg>
<var>${step_count}</var>
<arg>${detail}[steps]</arg>
<doc>Returns and logs the length of the given item as an integer.</doc>
<status status="PASS" start="2026-09-21T21:46:05.469698" elapsed="0.000000"/>
</kw>
<kw name="Should Be True" owner="BuiltIn">
<arg>${ingredient_count} &gt;= 10</arg>
<arg>${recipe}[slug] has fewer than 10 ingredients</arg>
<doc>Fails if the given condition is not true.</doc>
<status status="PASS" start="2026-09-21T21:46:05.469698" elapsed="0.000000"/>
</kw>
<kw name="Should Be True" owner="BuiltIn">
<arg>${step_count} &gt;= 5</arg>
<arg>${recipe}[slug] has fewer than 5 steps</arg>
<doc>Fails if the given condition is not true.</doc>
<status status="PASS" start="2026-09-21T21:46:05.469698" elapsed="0.001000"/>
</kw>
<var name="${recipe}">{'id': '7cf12278-53b1-4140-971d-fbe61dc3e0a2', 'title': 'Report Recipe 002', 'slug': 'report-recipe-002', 'description': 'Randomly generated report recipe number 002.', 'difficulty': 'Easy', 'cookTime...</var>
<status status="PASS" start="2026-09-21T21:45:54.467465" elapsed="11.003233"/>
</iter>
<iter>
<kw name="GET On Session" owner="RequestsLibrary">
<msg time="2026-09-21T21:46:16.461201" level="INFO">GET Request : url=http://localhost:5000/api/v1/recipes/report-recipe-001 
 path_url=/api/v1/recipes/report-recipe-001 
 headers={'User-Agent': 'python-requests/2.32.5', 'Accept-Encoding': 'gzip, deflate', 'Accept': '*/*', 'Connection': 'keep-alive'} 
 body=None 
 </msg>
<msg time="2026-09-21T21:46:16.461201" level="INFO">GET Response : url=http://localhost:5000/api/v1/recipes/report-recipe-001 
 status=200, reason=OK 
 headers={'Content-Type': 'application/json; charset=utf-8', 'Date': 'Mon, 21 Sep 2026 14:46:15 GMT', 'Server': 'Kestrel', 'Transfer-Encoding': 'chunked'} 
 body={"id":"6828a321-f4e8-4c33-911f-1f4360286ad0","title":"Report Recipe 001","slug":"report-recipe-001","description":"Randomly generated report recipe number 001.","prepTimeMinutes":24,"cookTimeMinutes":30,"servings":3,"difficulty":"Hard","status":1,"categoryId":"cce7ac4d-4d62-4245-84ec-03c23586f851","authorId":"report-author-00000000000000000000000000000001","rowVersion":"AA==","ingredients":[{"id":"e664941e-09a0-48ee-ad5e-380937bc877c","name":"Ingredient 01","quantity":1.00,"unit":"portion","notes":"Generated report ingredient","orderIndex":1},{"id":"2bb97e07-27b2-495d-9ccd-9f6cb635bc01","name":"Ingredient 02","quantity":5.00,"unit":"portion","notes":"Generated report ingredient","orderIndex":2},{"id":"3cf1fc9c-aa29-4ecb-b07a-6d384ce4e9ee","name":"Ingredient 03","quantity":2.00,"unit":"portion","notes":"Generated report ingredient","orderIndex":3},{"id":"61d07bb7-bb7f-4d51-a6a3-016b2ad7883a","name":"Ingredient 04","quantity":3.00,"unit":"portion","notes":"Generated report ingredient","orderIndex":4},{"id":"d26c9e32-759d-46ef-861a-774992c52f12","name":"Ingredient 05","quantity":2.00,"unit":"portion","notes":"Generated report ingredient","orderIndex":5},{"id":"6b8e33d5-ee5a-450e-a669-518fb31e35ad","name":"Ingredient 06","quantity":1.00,"unit":"portion","notes":"Generated report ingredient","orderIndex":6},{"id":"9b4ca8af-cd00-4502-a4dd-e4c117eed45e","name":"Ingredient 07","quantity":2.00,"unit":"portion","notes":"Generated report ingredient","orderIndex":7},{"id":"03f3d0e1-ebc5-452b-bfd7-e839c6c5e340","name":"Ingredient 08","quantity":1.00,"unit":"portion","notes":"Generated report ingredient","orderIndex":8},{"id":"70c95f7e-a05a-4826-85f4-7ca7240bf06b","name":"Ingredient 09","quantity":2.00,"unit":"portion","notes":"Generated report ingredient","orderIndex":9},{"id":"e13dee3e-9ed2-446c-8988-69661d96b531","name":"Ingredient 10","quantity":2.00,"unit":"portion","notes":"Generated report ingredient","orderIndex":10}],"steps":[{"id":"82d710e1-db3c-4745-be0c-8002cae5c214","stepNumber":1,"title":"Preparation step 1","description":"Complete preparation step 1 for the report recipe.","durationMinutes":11,"imageUrl":null},{"id":"e0e0cee6-2583-4cce-8b05-3f6350ffa7f2","stepNumber":2,"title":"Preparation step 2","description":"Complete preparation step 2 for the report recipe.","durationMinutes":10,"imageUrl":null},{"id":"0cce4357-1cc9-41fd-9ca4-b56dac9e1ff4","stepNumber":3,"title":"Preparation step 3","description":"Complete preparation step 3 for the report recipe.","durationMinutes":12,"imageUrl":null},{"id":"bfbb5295-c38e-4e96-9579-e0aa7de0e5a4","stepNumber":4,"title":"Preparation step 4","description":"Complete preparation step 4 for the report recipe.","durationMinutes":7,"imageUrl":null},{"id":"ae0eb237-a95b-4416-93ea-a53dada0ee53","stepNumber":5,"title":"Preparation step 5","description":"Complete preparation step 5 for the report recipe.","durationMinutes":10,"imageUrl":null}],"images":[],"nutrition":{"calories":709,"protein":19.00,"carbohydrates":40.00,"fat":9.00,"fiber":6.00,"sodium":675.00}} 
 </msg>
<msg time="2026-09-21T21:46:16.461201" level="INFO">${detail_response} = &lt;Response [200]&gt;</msg>
<var>${detail_response}</var>
<arg>api</arg>
<arg>url=/api/v1/recipes/${recipe}[slug]</arg>
<arg>expected_status=200</arg>
<doc>Sends a GET request on a previously created HTTP Session.</doc>
<status status="PASS" start="2026-09-21T21:46:05.470698" elapsed="10.990503"/>
</kw>
<kw name="Set Variable" owner="BuiltIn">
<msg time="2026-09-21T21:46:16.462257" level="INFO">${detail} = {'id': '6828a321-f4e8-4c33-911f-1f4360286ad0', 'title': 'Report Recipe 001', 'slug': 'report-recipe-001', 'description': 'Randomly generated report recipe number 001.', 'prepTimeMinutes': 24, 'cookTim...</msg>
<var>${detail}</var>
<arg>${detail_response.json()}</arg>
<doc>Returns the given values which can then be assigned to a variable.</doc>
<status status="PASS" start="2026-09-21T21:46:16.461201" elapsed="0.001056"/>
</kw>
<kw name="Get Length" owner="BuiltIn">
<msg time="2026-09-21T21:46:16.462257" level="INFO">Length is 10.</msg>
<msg time="2026-09-21T21:46:16.462257" level="INFO">${ingredient_count} = 10</msg>
<var>${ingredient_count}</var>
<arg>${detail}[ingredients]</arg>
<doc>Returns and logs the length of the given item as an integer.</doc>
<status status="PASS" start="2026-09-21T21:46:16.462257" elapsed="0.000000"/>
</kw>
<kw name="Get Length" owner="BuiltIn">
<msg time="2026-09-21T21:46:16.463248" level="INFO">Length is 5.</msg>
<msg time="2026-09-21T21:46:16.463248" level="INFO">${step_count} = 5</msg>
<var>${step_count}</var>
<arg>${detail}[steps]</arg>
<doc>Returns and logs the length of the given item as an integer.</doc>
<status status="PASS" start="2026-09-21T21:46:16.462257" elapsed="0.000991"/>
</kw>
<kw name="Should Be True" owner="BuiltIn">
<arg>${ingredient_count} &gt;= 10</arg>
<arg>${recipe}[slug] has fewer than 10 ingredients</arg>
<doc>Fails if the given condition is not true.</doc>
<status status="PASS" start="2026-09-21T21:46:16.463248" elapsed="0.000000"/>
</kw>
<kw name="Should Be True" owner="BuiltIn">
<arg>${step_count} &gt;= 5</arg>
<arg>${recipe}[slug] has fewer than 5 steps</arg>
<doc>Fails if the given condition is not true.</doc>
<status status="PASS" start="2026-09-21T21:46:16.464203" elapsed="0.000000"/>
</kw>
<var name="${recipe}">{'id': '6828a321-f4e8-4c33-911f-1f4360286ad0', 'title': 'Report Recipe 001', 'slug': 'report-recipe-001', 'description': 'Randomly generated report recipe number 001.', 'difficulty': 'Hard', 'cookTime...</var>
<status status="PASS" start="2026-09-21T21:46:05.470698" elapsed="10.993505"/>
</iter>
<var>${recipe}</var>
<value>@{recipes}</value>
<status status="PASS" start="2026-09-21T21:27:05.881467" elapsed="1150.582736"/>
</for>
<doc>Every sampled recipe must expose at least 10 ingredients and 5 steps.</doc>
<status status="PASS" start="2026-09-21T21:27:05.836385" elapsed="1150.628810"/>
</test>
<doc>Report verification for RandomDataSeeder output.</doc>
<status status="PASS" start="2026-09-21T21:27:05.303207" elapsed="1151.161988"/>
</suite>
<statistics>
<total>
<stat pass="3" fail="0" skip="0">All Tests</stat>
</total>
<tag>
</tag>
<suite>
<stat name="Recipe Report" id="s1" pass="3" fail="0" skip="0">Recipe Report</stat>
</suite>
</statistics>
<errors>
</errors>
</robot>
